2022-08-17 03:28:06.590  INFO 14376 --- [restartedMain] c.ssafy.CommonPJT.CommonPjtApplication   : Starting CommonPjtApplication using Java 1.8.0_192 on DESKTOP-G71FRBB with PID 14376 (C:\Users\choi\Desktop\CommonPJT\build\classes\java\main started by choi in C:\Users\choi\Desktop\CommonPJT)
2022-08-17 03:28:06.592  INFO 14376 --- [restartedMain] c.ssafy.CommonPJT.CommonPjtApplication   : No active profile set, falling back to 1 default profile: "default"
2022-08-17 03:28:06.624  INFO 14376 --- [restartedMain] .e.DevToolsPropertyDefaultsPostProcessor : Devtools property defaults active! Set 'spring.devtools.add-properties' to 'false' to disable
2022-08-17 03:28:06.624  INFO 14376 --- [restartedMain] .e.DevToolsPropertyDefaultsPostProcessor : For additional web related logging consider setting the 'logging.level.web' property to 'DEBUG'
2022-08-17 03:28:07.275  INFO 14376 --- [restartedMain] .s.d.r.c.RepositoryConfigurationDelegate : Bootstrapping Spring Data JPA repositories in DEFAULT mode.
2022-08-17 03:28:07.331  INFO 14376 --- [restartedMain] .s.d.r.c.RepositoryConfigurationDelegate : Finished Spring Data repository scanning in 50 ms. Found 6 JPA repository interfaces.
2022-08-17 03:28:07.760  INFO 14376 --- [restartedMain] o.s.b.w.embedded.tomcat.TomcatWebServer  : Tomcat initialized with port(s): 8081 (http)
2022-08-17 03:28:07.766  INFO 14376 --- [restartedMain] o.apache.catalina.core.StandardService   : Starting service [Tomcat]
2022-08-17 03:28:07.766  INFO 14376 --- [restartedMain] org.apache.catalina.core.StandardEngine  : Starting Servlet engine: [Apache Tomcat/9.0.65]
2022-08-17 03:28:07.847  INFO 14376 --- [restartedMain] o.a.c.c.C.[Tomcat].[localhost].[/]       : Initializing Spring embedded WebApplicationContext
2022-08-17 03:28:07.848  INFO 14376 --- [restartedMain] w.s.c.ServletWebServerApplicationContext : Root WebApplicationContext: initialization completed in 1223 ms
2022-08-17 03:28:07.870  INFO 14376 --- [restartedMain] com.zaxxer.hikari.HikariDataSource       : HikariPool-1 - Starting...
2022-08-17 03:28:08.160  INFO 14376 --- [restartedMain] com.zaxxer.hikari.HikariDataSource       : HikariPool-1 - Start completed.
2022-08-17 03:28:08.166  INFO 14376 --- [restartedMain] o.s.b.a.h2.H2ConsoleAutoConfiguration    : H2 console available at '/h2-console'. Database available at 'jdbc:mysql://i7d207.p.ssafy.io:3306/ssafy?serverTimezone=Asia/Seoul'
2022-08-17 03:28:08.268  INFO 14376 --- [restartedMain] o.hibernate.jpa.internal.util.LogHelper  : HHH000204: Processing PersistenceUnitInfo [name: default]
2022-08-17 03:28:08.302  INFO 14376 --- [restartedMain] org.hibernate.Version                    : HHH000412: Hibernate ORM core version 5.6.10.Final
2022-08-17 03:28:08.406  INFO 14376 --- [restartedMain] o.hibernate.annotations.common.Version   : HCANN000001: Hibernate Commons Annotations {5.1.2.Final}
2022-08-17 03:28:08.487  INFO 14376 --- [restartedMain] org.hibernate.dialect.Dialect            : HHH000400: Using dialect: org.hibernate.dialect.MySQL8Dialect
2022-08-17 03:28:09.053  INFO 14376 --- [restartedMain] o.h.e.t.j.p.i.JtaPlatformInitiator       : HHH000490: Using JtaPlatform implementation: [org.hibernate.engine.transaction.jta.platform.internal.NoJtaPlatform]
2022-08-17 03:28:09.062  INFO 14376 --- [restartedMain] j.LocalContainerEntityManagerFactoryBean : Initialized JPA EntityManagerFactory for persistence unit 'default'
2022-08-17 03:28:09.554  WARN 14376 --- [restartedMain] JpaBaseConfiguration$JpaWebConfiguration : spring.jpa.open-in-view is enabled by default. Therefore, database queries may be performed during view rendering. Explicitly configure spring.jpa.open-in-view to disable this warning
2022-08-17 03:28:09.728  WARN 14376 --- [restartedMain] o.s.b.d.a.OptionalLiveReloadServer       : Unable to start LiveReload server
2022-08-17 03:28:09.951  WARN 14376 --- [restartedMain] ConfigServletWebServerApplicationContext : Exception encountered during context initialization - cancelling refresh attempt: org.springframework.context.ApplicationContextException: Failed to start bean 'webServerStartStop'; nested exception is org.springframework.boot.web.server.PortInUseException: Port 8081 is already in use
2022-08-17 03:28:09.956  INFO 14376 --- [restartedMain] j.LocalContainerEntityManagerFactoryBean : Closing JPA EntityManagerFactory for persistence unit 'default'
2022-08-17 03:28:09.958  INFO 14376 --- [restartedMain] com.zaxxer.hikari.HikariDataSource       : HikariPool-1 - Shutdown initiated...
2022-08-17 03:28:09.961  INFO 14376 --- [restartedMain] com.zaxxer.hikari.HikariDataSource       : HikariPool-1 - Shutdown completed.
2022-08-17 03:28:09.963  INFO 14376 --- [restartedMain] o.apache.catalina.core.StandardService   : Stopping service [Tomcat]
2022-08-17 03:28:09.971  INFO 14376 --- [restartedMain] ConditionEvaluationReportLoggingListener : 

Error starting ApplicationContext. To display the conditions report re-run your application with 'debug' enabled.
2022-08-17 03:28:09.991 ERROR 14376 --- [restartedMain] o.s.b.d.LoggingFailureAnalysisReporter   : 

***************************
APPLICATION FAILED TO START
***************************

Description:

Web server failed to start. Port 8081 was already in use.

Action:

Identify and stop the process that's listening on port 8081 or configure this application to listen on another port.

2022-08-17 03:28:29.125  INFO 27376 --- [restartedMain] c.ssafy.CommonPJT.CommonPjtApplication   : Starting CommonPjtApplication using Java 1.8.0_192 on DESKTOP-G71FRBB with PID 27376 (C:\Users\choi\Desktop\CommonPJT\build\classes\java\main started by choi in C:\Users\choi\Desktop\CommonPJT)
2022-08-17 03:28:29.126  INFO 27376 --- [restartedMain] c.ssafy.CommonPJT.CommonPjtApplication   : No active profile set, falling back to 1 default profile: "default"
2022-08-17 03:28:29.160  INFO 27376 --- [restartedMain] .e.DevToolsPropertyDefaultsPostProcessor : Devtools property defaults active! Set 'spring.devtools.add-properties' to 'false' to disable
2022-08-17 03:28:29.160  INFO 27376 --- [restartedMain] .e.DevToolsPropertyDefaultsPostProcessor : For additional web related logging consider setting the 'logging.level.web' property to 'DEBUG'
2022-08-17 03:28:29.824  INFO 27376 --- [restartedMain] .s.d.r.c.RepositoryConfigurationDelegate : Bootstrapping Spring Data JPA repositories in DEFAULT mode.
2022-08-17 03:28:29.881  INFO 27376 --- [restartedMain] .s.d.r.c.RepositoryConfigurationDelegate : Finished Spring Data repository scanning in 51 ms. Found 6 JPA repository interfaces.
2022-08-17 03:28:30.274  INFO 27376 --- [restartedMain] o.s.b.w.embedded.tomcat.TomcatWebServer  : Tomcat initialized with port(s): 8081 (http)
2022-08-17 03:28:30.280  INFO 27376 --- [restartedMain] o.apache.catalina.core.StandardService   : Starting service [Tomcat]
2022-08-17 03:28:30.281  INFO 27376 --- [restartedMain] org.apache.catalina.core.StandardEngine  : Starting Servlet engine: [Apache Tomcat/9.0.65]
2022-08-17 03:28:30.358  INFO 27376 --- [restartedMain] o.a.c.c.C.[Tomcat].[localhost].[/]       : Initializing Spring embedded WebApplicationContext
2022-08-17 03:28:30.358  INFO 27376 --- [restartedMain] w.s.c.ServletWebServerApplicationContext : Root WebApplicationContext: initialization completed in 1197 ms
2022-08-17 03:28:30.375  INFO 27376 --- [restartedMain] com.zaxxer.hikari.HikariDataSource       : HikariPool-1 - Starting...
2022-08-17 03:28:30.652  INFO 27376 --- [restartedMain] com.zaxxer.hikari.HikariDataSource       : HikariPool-1 - Start completed.
2022-08-17 03:28:30.659  INFO 27376 --- [restartedMain] o.s.b.a.h2.H2ConsoleAutoConfiguration    : H2 console available at '/h2-console'. Database available at 'jdbc:mysql://i7d207.p.ssafy.io:3306/ssafy?serverTimezone=Asia/Seoul'
2022-08-17 03:28:30.761  INFO 27376 --- [restartedMain] o.hibernate.jpa.internal.util.LogHelper  : HHH000204: Processing PersistenceUnitInfo [name: default]
2022-08-17 03:28:30.794  INFO 27376 --- [restartedMain] org.hibernate.Version                    : HHH000412: Hibernate ORM core version 5.6.10.Final
2022-08-17 03:28:30.905  INFO 27376 --- [restartedMain] o.hibernate.annotations.common.Version   : HCANN000001: Hibernate Commons Annotations {5.1.2.Final}
2022-08-17 03:28:30.986  INFO 27376 --- [restartedMain] org.hibernate.dialect.Dialect            : HHH000400: Using dialect: org.hibernate.dialect.MySQL8Dialect
2022-08-17 03:28:31.591  INFO 27376 --- [restartedMain] o.h.e.t.j.p.i.JtaPlatformInitiator       : HHH000490: Using JtaPlatform implementation: [org.hibernate.engine.transaction.jta.platform.internal.NoJtaPlatform]
2022-08-17 03:28:31.599  INFO 27376 --- [restartedMain] j.LocalContainerEntityManagerFactoryBean : Initialized JPA EntityManagerFactory for persistence unit 'default'
2022-08-17 03:28:32.100  WARN 27376 --- [restartedMain] JpaBaseConfiguration$JpaWebConfiguration : spring.jpa.open-in-view is enabled by default. Therefore, database queries may be performed during view rendering. Explicitly configure spring.jpa.open-in-view to disable this warning
2022-08-17 03:28:32.267  WARN 27376 --- [restartedMain] o.s.b.d.a.OptionalLiveReloadServer       : Unable to start LiveReload server
2022-08-17 03:28:32.500  WARN 27376 --- [restartedMain] ConfigServletWebServerApplicationContext : Exception encountered during context initialization - cancelling refresh attempt: org.springframework.context.ApplicationContextException: Failed to start bean 'webServerStartStop'; nested exception is org.springframework.boot.web.server.PortInUseException: Port 8081 is already in use
2022-08-17 03:28:32.504  INFO 27376 --- [restartedMain] j.LocalContainerEntityManagerFactoryBean : Closing JPA EntityManagerFactory for persistence unit 'default'
2022-08-17 03:28:32.507  INFO 27376 --- [restartedMain] com.zaxxer.hikari.HikariDataSource       : HikariPool-1 - Shutdown initiated...
2022-08-17 03:28:32.510  INFO 27376 --- [restartedMain] com.zaxxer.hikari.HikariDataSource       : HikariPool-1 - Shutdown completed.
2022-08-17 03:28:32.512  INFO 27376 --- [restartedMain] o.apache.catalina.core.StandardService   : Stopping service [Tomcat]
2022-08-17 03:28:32.522  INFO 27376 --- [restartedMain] ConditionEvaluationReportLoggingListener : 

Error starting ApplicationContext. To display the conditions report re-run your application with 'debug' enabled.
2022-08-17 03:28:32.546 ERROR 27376 --- [restartedMain] o.s.b.d.LoggingFailureAnalysisReporter   : 

***************************
APPLICATION FAILED TO START
***************************

Description:

Web server failed to start. Port 8081 was already in use.

Action:

Identify and stop the process that's listening on port 8081 or configure this application to listen on another port.

2022-08-17 03:30:04.341  INFO 9320 --- [restartedMain] c.ssafy.CommonPJT.CommonPjtApplication   : Starting CommonPjtApplication using Java 1.8.0_192 on DESKTOP-G71FRBB with PID 9320 (C:\Users\choi\Desktop\CommonPJT\build\classes\java\main started by choi in C:\Users\choi\Desktop\CommonPJT)
2022-08-17 03:30:04.342  INFO 9320 --- [restartedMain] c.ssafy.CommonPJT.CommonPjtApplication   : No active profile set, falling back to 1 default profile: "default"
2022-08-17 03:30:04.375  INFO 9320 --- [restartedMain] .e.DevToolsPropertyDefaultsPostProcessor : Devtools property defaults active! Set 'spring.devtools.add-properties' to 'false' to disable
2022-08-17 03:30:04.375  INFO 9320 --- [restartedMain] .e.DevToolsPropertyDefaultsPostProcessor : For additional web related logging consider setting the 'logging.level.web' property to 'DEBUG'
2022-08-17 03:30:05.018  INFO 9320 --- [restartedMain] .s.d.r.c.RepositoryConfigurationDelegate : Bootstrapping Spring Data JPA repositories in DEFAULT mode.
2022-08-17 03:30:05.077  INFO 9320 --- [restartedMain] .s.d.r.c.RepositoryConfigurationDelegate : Finished Spring Data repository scanning in 52 ms. Found 6 JPA repository interfaces.
2022-08-17 03:30:05.477  INFO 9320 --- [restartedMain] o.s.b.w.embedded.tomcat.TomcatWebServer  : Tomcat initialized with port(s): 8081 (http)
2022-08-17 03:30:05.485  INFO 9320 --- [restartedMain] o.apache.catalina.core.StandardService   : Starting service [Tomcat]
2022-08-17 03:30:05.486  INFO 9320 --- [restartedMain] org.apache.catalina.core.StandardEngine  : Starting Servlet engine: [Apache Tomcat/9.0.65]
2022-08-17 03:30:05.573  INFO 9320 --- [restartedMain] o.a.c.c.C.[Tomcat].[localhost].[/]       : Initializing Spring embedded WebApplicationContext
2022-08-17 03:30:05.573  INFO 9320 --- [restartedMain] w.s.c.ServletWebServerApplicationContext : Root WebApplicationContext: initialization completed in 1197 ms
2022-08-17 03:30:05.590  INFO 9320 --- [restartedMain] com.zaxxer.hikari.HikariDataSource       : HikariPool-1 - Starting...
2022-08-17 03:30:05.867  INFO 9320 --- [restartedMain] com.zaxxer.hikari.HikariDataSource       : HikariPool-1 - Start completed.
2022-08-17 03:30:05.873  INFO 9320 --- [restartedMain] o.s.b.a.h2.H2ConsoleAutoConfiguration    : H2 console available at '/h2-console'. Database available at 'jdbc:mysql://i7d207.p.ssafy.io:3306/ssafy?serverTimezone=Asia/Seoul'
2022-08-17 03:30:05.965  INFO 9320 --- [restartedMain] o.hibernate.jpa.internal.util.LogHelper  : HHH000204: Processing PersistenceUnitInfo [name: default]
2022-08-17 03:30:05.997  INFO 9320 --- [restartedMain] org.hibernate.Version                    : HHH000412: Hibernate ORM core version 5.6.10.Final
2022-08-17 03:30:06.111  INFO 9320 --- [restartedMain] o.hibernate.annotations.common.Version   : HCANN000001: Hibernate Commons Annotations {5.1.2.Final}
2022-08-17 03:30:06.189  INFO 9320 --- [restartedMain] org.hibernate.dialect.Dialect            : HHH000400: Using dialect: org.hibernate.dialect.MySQL8Dialect
2022-08-17 03:30:06.763  INFO 9320 --- [restartedMain] o.h.e.t.j.p.i.JtaPlatformInitiator       : HHH000490: Using JtaPlatform implementation: [org.hibernate.engine.transaction.jta.platform.internal.NoJtaPlatform]
2022-08-17 03:30:06.770  INFO 9320 --- [restartedMain] j.LocalContainerEntityManagerFactoryBean : Initialized JPA EntityManagerFactory for persistence unit 'default'
2022-08-17 03:30:07.225  WARN 9320 --- [restartedMain] JpaBaseConfiguration$JpaWebConfiguration : spring.jpa.open-in-view is enabled by default. Therefore, database queries may be performed during view rendering. Explicitly configure spring.jpa.open-in-view to disable this warning
2022-08-17 03:30:07.392  WARN 9320 --- [restartedMain] o.s.b.d.a.OptionalLiveReloadServer       : Unable to start LiveReload server
2022-08-17 03:30:07.594  WARN 9320 --- [restartedMain] ConfigServletWebServerApplicationContext : Exception encountered during context initialization - cancelling refresh attempt: org.springframework.context.ApplicationContextException: Failed to start bean 'webServerStartStop'; nested exception is org.springframework.boot.web.server.PortInUseException: Port 8081 is already in use
2022-08-17 03:30:07.597  INFO 9320 --- [restartedMain] j.LocalContainerEntityManagerFactoryBean : Closing JPA EntityManagerFactory for persistence unit 'default'
2022-08-17 03:30:07.600  INFO 9320 --- [restartedMain] com.zaxxer.hikari.HikariDataSource       : HikariPool-1 - Shutdown initiated...
2022-08-17 03:30:07.602  INFO 9320 --- [restartedMain] com.zaxxer.hikari.HikariDataSource       : HikariPool-1 - Shutdown completed.
2022-08-17 03:30:07.604  INFO 9320 --- [restartedMain] o.apache.catalina.core.StandardService   : Stopping service [Tomcat]
2022-08-17 03:30:07.612  INFO 9320 --- [restartedMain] ConditionEvaluationReportLoggingListener : 

Error starting ApplicationContext. To display the conditions report re-run your application with 'debug' enabled.
2022-08-17 03:30:07.633 ERROR 9320 --- [restartedMain] o.s.b.d.LoggingFailureAnalysisReporter   : 

***************************
APPLICATION FAILED TO START
***************************

Description:

Web server failed to start. Port 8081 was already in use.

Action:

Identify and stop the process that's listening on port 8081 or configure this application to listen on another port.

2022-08-17 03:33:34.565  INFO 12376 --- [restartedMain] c.ssafy.CommonPJT.CommonPjtApplication   : Starting CommonPjtApplication using Java 1.8.0_192 on DESKTOP-G71FRBB with PID 12376 (C:\Users\choi\Desktop\CommonPJT\build\classes\java\main started by choi in C:\Users\choi\Desktop\CommonPJT)
2022-08-17 03:33:34.566  INFO 12376 --- [restartedMain] c.ssafy.CommonPJT.CommonPjtApplication   : No active profile set, falling back to 1 default profile: "default"
2022-08-17 03:33:34.603  INFO 12376 --- [restartedMain] .e.DevToolsPropertyDefaultsPostProcessor : Devtools property defaults active! Set 'spring.devtools.add-properties' to 'false' to disable
2022-08-17 03:33:34.603  INFO 12376 --- [restartedMain] .e.DevToolsPropertyDefaultsPostProcessor : For additional web related logging consider setting the 'logging.level.web' property to 'DEBUG'
2022-08-17 03:33:35.363  INFO 12376 --- [restartedMain] .s.d.r.c.RepositoryConfigurationDelegate : Bootstrapping Spring Data JPA repositories in DEFAULT mode.
2022-08-17 03:33:35.424  INFO 12376 --- [restartedMain] .s.d.r.c.RepositoryConfigurationDelegate : Finished Spring Data repository scanning in 54 ms. Found 6 JPA repository interfaces.
2022-08-17 03:33:35.873  INFO 12376 --- [restartedMain] o.s.b.w.embedded.tomcat.TomcatWebServer  : Tomcat initialized with port(s): 8081 (http)
2022-08-17 03:33:35.880  INFO 12376 --- [restartedMain] o.apache.catalina.core.StandardService   : Starting service [Tomcat]
2022-08-17 03:33:35.880  INFO 12376 --- [restartedMain] org.apache.catalina.core.StandardEngine  : Starting Servlet engine: [Apache Tomcat/9.0.65]
2022-08-17 03:33:35.964  INFO 12376 --- [restartedMain] o.a.c.c.C.[Tomcat].[localhost].[/]       : Initializing Spring embedded WebApplicationContext
2022-08-17 03:33:35.964  INFO 12376 --- [restartedMain] w.s.c.ServletWebServerApplicationContext : Root WebApplicationContext: initialization completed in 1360 ms
2022-08-17 03:33:35.983  INFO 12376 --- [restartedMain] com.zaxxer.hikari.HikariDataSource       : HikariPool-1 - Starting...
2022-08-17 03:33:36.308  INFO 12376 --- [restartedMain] com.zaxxer.hikari.HikariDataSource       : HikariPool-1 - Start completed.
2022-08-17 03:33:36.316  INFO 12376 --- [restartedMain] o.s.b.a.h2.H2ConsoleAutoConfiguration    : H2 console available at '/h2-console'. Database available at 'jdbc:mysql://i7d207.p.ssafy.io:3306/ssafy?serverTimezone=Asia/Seoul'
2022-08-17 03:33:36.412  INFO 12376 --- [restartedMain] o.hibernate.jpa.internal.util.LogHelper  : HHH000204: Processing PersistenceUnitInfo [name: default]
2022-08-17 03:33:36.446  INFO 12376 --- [restartedMain] org.hibernate.Version                    : HHH000412: Hibernate ORM core version 5.6.10.Final
2022-08-17 03:33:36.560  INFO 12376 --- [restartedMain] o.hibernate.annotations.common.Version   : HCANN000001: Hibernate Commons Annotations {5.1.2.Final}
2022-08-17 03:33:36.661  INFO 12376 --- [restartedMain] org.hibernate.dialect.Dialect            : HHH000400: Using dialect: org.hibernate.dialect.MySQL8Dialect
2022-08-17 03:33:37.227  INFO 12376 --- [restartedMain] o.h.e.t.j.p.i.JtaPlatformInitiator       : HHH000490: Using JtaPlatform implementation: [org.hibernate.engine.transaction.jta.platform.internal.NoJtaPlatform]
2022-08-17 03:33:37.235  INFO 12376 --- [restartedMain] j.LocalContainerEntityManagerFactoryBean : Initialized JPA EntityManagerFactory for persistence unit 'default'
2022-08-17 03:33:37.686  WARN 12376 --- [restartedMain] JpaBaseConfiguration$JpaWebConfiguration : spring.jpa.open-in-view is enabled by default. Therefore, database queries may be performed during view rendering. Explicitly configure spring.jpa.open-in-view to disable this warning
2022-08-17 03:33:37.853  WARN 12376 --- [restartedMain] o.s.b.d.a.OptionalLiveReloadServer       : Unable to start LiveReload server
2022-08-17 03:33:38.062  WARN 12376 --- [restartedMain] ConfigServletWebServerApplicationContext : Exception encountered during context initialization - cancelling refresh attempt: org.springframework.context.ApplicationContextException: Failed to start bean 'webServerStartStop'; nested exception is org.springframework.boot.web.server.PortInUseException: Port 8081 is already in use
2022-08-17 03:33:38.066  INFO 12376 --- [restartedMain] j.LocalContainerEntityManagerFactoryBean : Closing JPA EntityManagerFactory for persistence unit 'default'
2022-08-17 03:33:38.068  INFO 12376 --- [restartedMain] com.zaxxer.hikari.HikariDataSource       : HikariPool-1 - Shutdown initiated...
2022-08-17 03:33:38.071  INFO 12376 --- [restartedMain] com.zaxxer.hikari.HikariDataSource       : HikariPool-1 - Shutdown completed.
2022-08-17 03:33:38.072  INFO 12376 --- [restartedMain] o.apache.catalina.core.StandardService   : Stopping service [Tomcat]
2022-08-17 03:33:38.080  INFO 12376 --- [restartedMain] ConditionEvaluationReportLoggingListener : 

Error starting ApplicationContext. To display the conditions report re-run your application with 'debug' enabled.
2022-08-17 03:33:38.098 ERROR 12376 --- [restartedMain] o.s.b.d.LoggingFailureAnalysisReporter   : 

***************************
APPLICATION FAILED TO START
***************************

Description:

Web server failed to start. Port 8081 was already in use.

Action:

Identify and stop the process that's listening on port 8081 or configure this application to listen on another port.

2022-08-17 03:34:36.397  INFO 35884 --- [restartedMain] c.ssafy.CommonPJT.CommonPjtApplication   : Starting CommonPjtApplication using Java 1.8.0_192 on DESKTOP-G71FRBB with PID 35884 (C:\Users\choi\Desktop\CommonPJT\build\classes\java\main started by choi in C:\Users\choi\Desktop\CommonPJT)
2022-08-17 03:34:36.398  INFO 35884 --- [restartedMain] c.ssafy.CommonPJT.CommonPjtApplication   : No active profile set, falling back to 1 default profile: "default"
2022-08-17 03:34:36.429  INFO 35884 --- [restartedMain] .e.DevToolsPropertyDefaultsPostProcessor : Devtools property defaults active! Set 'spring.devtools.add-properties' to 'false' to disable
2022-08-17 03:34:36.429  INFO 35884 --- [restartedMain] .e.DevToolsPropertyDefaultsPostProcessor : For additional web related logging consider setting the 'logging.level.web' property to 'DEBUG'
2022-08-17 03:34:37.092  INFO 35884 --- [restartedMain] .s.d.r.c.RepositoryConfigurationDelegate : Bootstrapping Spring Data JPA repositories in DEFAULT mode.
2022-08-17 03:34:37.157  INFO 35884 --- [restartedMain] .s.d.r.c.RepositoryConfigurationDelegate : Finished Spring Data repository scanning in 57 ms. Found 6 JPA repository interfaces.
2022-08-17 03:34:37.575  INFO 35884 --- [restartedMain] o.s.b.w.embedded.tomcat.TomcatWebServer  : Tomcat initialized with port(s): 8081 (http)
2022-08-17 03:34:37.581  INFO 35884 --- [restartedMain] o.apache.catalina.core.StandardService   : Starting service [Tomcat]
2022-08-17 03:34:37.582  INFO 35884 --- [restartedMain] org.apache.catalina.core.StandardEngine  : Starting Servlet engine: [Apache Tomcat/9.0.65]
2022-08-17 03:34:37.672  INFO 35884 --- [restartedMain] o.a.c.c.C.[Tomcat].[localhost].[/]       : Initializing Spring embedded WebApplicationContext
2022-08-17 03:34:37.672  INFO 35884 --- [restartedMain] w.s.c.ServletWebServerApplicationContext : Root WebApplicationContext: initialization completed in 1242 ms
2022-08-17 03:34:37.691  INFO 35884 --- [restartedMain] com.zaxxer.hikari.HikariDataSource       : HikariPool-1 - Starting...
2022-08-17 03:34:37.976  INFO 35884 --- [restartedMain] com.zaxxer.hikari.HikariDataSource       : HikariPool-1 - Start completed.
2022-08-17 03:34:37.983  INFO 35884 --- [restartedMain] o.s.b.a.h2.H2ConsoleAutoConfiguration    : H2 console available at '/h2-console'. Database available at 'jdbc:mysql://i7d207.p.ssafy.io:3306/ssafy?serverTimezone=Asia/Seoul'
2022-08-17 03:34:38.077  INFO 35884 --- [restartedMain] o.hibernate.jpa.internal.util.LogHelper  : HHH000204: Processing PersistenceUnitInfo [name: default]
2022-08-17 03:34:38.109  INFO 35884 --- [restartedMain] org.hibernate.Version                    : HHH000412: Hibernate ORM core version 5.6.10.Final
2022-08-17 03:34:38.215  INFO 35884 --- [restartedMain] o.hibernate.annotations.common.Version   : HCANN000001: Hibernate Commons Annotations {5.1.2.Final}
2022-08-17 03:34:38.295  INFO 35884 --- [restartedMain] org.hibernate.dialect.Dialect            : HHH000400: Using dialect: org.hibernate.dialect.MySQL8Dialect
2022-08-17 03:34:38.879  INFO 35884 --- [restartedMain] o.h.e.t.j.p.i.JtaPlatformInitiator       : HHH000490: Using JtaPlatform implementation: [org.hibernate.engine.transaction.jta.platform.internal.NoJtaPlatform]
2022-08-17 03:34:38.886  INFO 35884 --- [restartedMain] j.LocalContainerEntityManagerFactoryBean : Initialized JPA EntityManagerFactory for persistence unit 'default'
2022-08-17 03:34:39.326  WARN 35884 --- [restartedMain] JpaBaseConfiguration$JpaWebConfiguration : spring.jpa.open-in-view is enabled by default. Therefore, database queries may be performed during view rendering. Explicitly configure spring.jpa.open-in-view to disable this warning
2022-08-17 03:34:39.487  INFO 35884 --- [restartedMain] o.s.b.d.a.OptionalLiveReloadServer       : LiveReload server is running on port 35729
2022-08-17 03:34:39.718  INFO 35884 --- [restartedMain] o.s.b.w.embedded.tomcat.TomcatWebServer  : Tomcat started on port(s): 8081 (http) with context path ''
2022-08-17 03:34:39.941  INFO 35884 --- [restartedMain] c.ssafy.CommonPJT.CommonPjtApplication   : Started CommonPjtApplication in 3.871 seconds (JVM running for 4.795)
2022-08-17 03:34:53.011  INFO 35884 --- [http-nio-8081-exec-1] o.a.c.c.C.[Tomcat].[localhost].[/]       : Initializing Spring DispatcherServlet 'dispatcherServlet'
2022-08-17 03:34:53.012  INFO 35884 --- [http-nio-8081-exec-1] o.s.web.servlet.DispatcherServlet        : Initializing Servlet 'dispatcherServlet'
2022-08-17 03:34:53.013  INFO 35884 --- [http-nio-8081-exec-1] o.s.web.servlet.DispatcherServlet        : Completed initialization in 1 ms
2022-08-17 03:34:58.343  INFO 35884 --- [http-nio-8081-exec-6] c.s.C.controller.MovieController         : 영화 정보 리스트를 조회합니다.
2022-08-17 03:35:57.702  INFO 35884 --- [http-nio-8081-exec-8] com.ssafy.CommonPJT.handler.Handler      : StandardWebSocketSession[id=58834764-aa3e-cf2a-8ee6-bc60a831833f, uri=ws://localhost:8081/socket] 클라이언트 접속
2022-08-17 03:35:59.754  INFO 35884 --- [http-nio-8081-exec-10] com.ssafy.CommonPJT.handler.Handler      : payload : s
2022-08-17 03:36:51.337  INFO 35884 --- [SpringApplicationShutdownHook] com.ssafy.CommonPJT.handler.Handler      : StandardWebSocketSession[id=58834764-aa3e-cf2a-8ee6-bc60a831833f, uri=ws://localhost:8081/socket] 클라이언트 접속 해제
2022-08-17 03:36:51.347  INFO 35884 --- [SpringApplicationShutdownHook] j.LocalContainerEntityManagerFactoryBean : Closing JPA EntityManagerFactory for persistence unit 'default'
2022-08-17 03:36:51.350  INFO 35884 --- [SpringApplicationShutdownHook] com.zaxxer.hikari.HikariDataSource       : HikariPool-1 - Shutdown initiated...
2022-08-17 03:36:51.352  INFO 35884 --- [SpringApplicationShutdownHook] com.zaxxer.hikari.HikariDataSource       : HikariPool-1 - Shutdown completed.
2022-08-17 10:17:57.028  INFO 32456 --- [restartedMain] c.ssafy.CommonPJT.CommonPjtApplication   : Starting CommonPjtApplication using Java 1.8.0_192 on DESKTOP-G71FRBB with PID 32456 (C:\ssafy1\BE\CommonPJT\build\classes\java\main started by choi in C:\ssafy1\BE\CommonPJT)
2022-08-17 10:17:57.029  INFO 32456 --- [restartedMain] c.ssafy.CommonPJT.CommonPjtApplication   : No active profile set, falling back to 1 default profile: "default"
2022-08-17 10:17:57.064  INFO 32456 --- [restartedMain] .e.DevToolsPropertyDefaultsPostProcessor : Devtools property defaults active! Set 'spring.devtools.add-properties' to 'false' to disable
2022-08-17 10:17:57.064  INFO 32456 --- [restartedMain] .e.DevToolsPropertyDefaultsPostProcessor : For additional web related logging consider setting the 'logging.level.web' property to 'DEBUG'
2022-08-17 10:17:57.758  INFO 32456 --- [restartedMain] .s.d.r.c.RepositoryConfigurationDelegate : Bootstrapping Spring Data JPA repositories in DEFAULT mode.
2022-08-17 10:17:57.820  INFO 32456 --- [restartedMain] .s.d.r.c.RepositoryConfigurationDelegate : Finished Spring Data repository scanning in 55 ms. Found 6 JPA repository interfaces.
2022-08-17 10:17:58.294  INFO 32456 --- [restartedMain] o.s.b.w.embedded.tomcat.TomcatWebServer  : Tomcat initialized with port(s): 8081 (http)
2022-08-17 10:17:58.301  INFO 32456 --- [restartedMain] o.apache.catalina.core.StandardService   : Starting service [Tomcat]
2022-08-17 10:17:58.301  INFO 32456 --- [restartedMain] org.apache.catalina.core.StandardEngine  : Starting Servlet engine: [Apache Tomcat/9.0.65]
2022-08-17 10:17:58.394  INFO 32456 --- [restartedMain] o.a.c.c.C.[Tomcat].[localhost].[/]       : Initializing Spring embedded WebApplicationContext
2022-08-17 10:17:58.394  INFO 32456 --- [restartedMain] w.s.c.ServletWebServerApplicationContext : Root WebApplicationContext: initialization completed in 1329 ms
2022-08-17 10:17:58.415  INFO 32456 --- [restartedMain] com.zaxxer.hikari.HikariDataSource       : HikariPool-1 - Starting...
2022-08-17 10:17:58.740  INFO 32456 --- [restartedMain] com.zaxxer.hikari.HikariDataSource       : HikariPool-1 - Start completed.
2022-08-17 10:17:58.748  INFO 32456 --- [restartedMain] o.s.b.a.h2.H2ConsoleAutoConfiguration    : H2 console available at '/h2-console'. Database available at 'jdbc:mysql://i7d207.p.ssafy.io:3306/ssafy?serverTimezone=Asia/Seoul'
2022-08-17 10:17:58.854  INFO 32456 --- [restartedMain] o.hibernate.jpa.internal.util.LogHelper  : HHH000204: Processing PersistenceUnitInfo [name: default]
2022-08-17 10:17:58.892  INFO 32456 --- [restartedMain] org.hibernate.Version                    : HHH000412: Hibernate ORM core version 5.6.10.Final
2022-08-17 10:17:59.014  INFO 32456 --- [restartedMain] o.hibernate.annotations.common.Version   : HCANN000001: Hibernate Commons Annotations {5.1.2.Final}
2022-08-17 10:17:59.108  INFO 32456 --- [restartedMain] org.hibernate.dialect.Dialect            : HHH000400: Using dialect: org.hibernate.dialect.MySQL8Dialect
2022-08-17 10:17:59.703  INFO 32456 --- [restartedMain] o.h.e.t.j.p.i.JtaPlatformInitiator       : HHH000490: Using JtaPlatform implementation: [org.hibernate.engine.transaction.jta.platform.internal.NoJtaPlatform]
2022-08-17 10:17:59.711  INFO 32456 --- [restartedMain] j.LocalContainerEntityManagerFactoryBean : Initialized JPA EntityManagerFactory for persistence unit 'default'
2022-08-17 10:18:00.195  WARN 32456 --- [restartedMain] JpaBaseConfiguration$JpaWebConfiguration : spring.jpa.open-in-view is enabled by default. Therefore, database queries may be performed during view rendering. Explicitly configure spring.jpa.open-in-view to disable this warning
2022-08-17 10:18:00.366  INFO 32456 --- [restartedMain] o.s.b.d.a.OptionalLiveReloadServer       : LiveReload server is running on port 35729
2022-08-17 10:18:00.593  INFO 32456 --- [restartedMain] o.s.b.w.embedded.tomcat.TomcatWebServer  : Tomcat started on port(s): 8081 (http) with context path ''
2022-08-17 10:18:00.807  INFO 32456 --- [restartedMain] c.ssafy.CommonPJT.CommonPjtApplication   : Started CommonPjtApplication in 4.132 seconds (JVM running for 5.111)
2022-08-17 10:18:22.966  INFO 32456 --- [http-nio-8081-exec-1] o.a.c.c.C.[Tomcat].[localhost].[/]       : Initializing Spring DispatcherServlet 'dispatcherServlet'
2022-08-17 10:18:22.966  INFO 32456 --- [http-nio-8081-exec-1] o.s.web.servlet.DispatcherServlet        : Initializing Servlet 'dispatcherServlet'
2022-08-17 10:18:22.967  INFO 32456 --- [http-nio-8081-exec-1] o.s.web.servlet.DispatcherServlet        : Completed initialization in 1 ms
2022-08-17 10:18:22.984  INFO 32456 --- [http-nio-8081-exec-1] c.s.C.controller.SocketController        : @ChatController, chat GET()
2022-08-17 10:19:10.497  INFO 32456 --- [SpringApplicationShutdownHook] j.LocalContainerEntityManagerFactoryBean : Closing JPA EntityManagerFactory for persistence unit 'default'
2022-08-17 10:19:10.500  INFO 32456 --- [SpringApplicationShutdownHook] com.zaxxer.hikari.HikariDataSource       : HikariPool-1 - Shutdown initiated...
2022-08-17 10:19:10.503  INFO 32456 --- [SpringApplicationShutdownHook] com.zaxxer.hikari.HikariDataSource       : HikariPool-1 - Shutdown completed.
2022-08-17 10:19:14.775  INFO 29692 --- [restartedMain] c.ssafy.CommonPJT.CommonPjtApplication   : Starting CommonPjtApplication using Java 1.8.0_192 on DESKTOP-G71FRBB with PID 29692 (C:\ssafy1\BE\CommonPJT\build\classes\java\main started by choi in C:\ssafy1\BE\CommonPJT)
2022-08-17 10:19:14.776  INFO 29692 --- [restartedMain] c.ssafy.CommonPJT.CommonPjtApplication   : No active profile set, falling back to 1 default profile: "default"
2022-08-17 10:19:14.812  INFO 29692 --- [restartedMain] .e.DevToolsPropertyDefaultsPostProcessor : Devtools property defaults active! Set 'spring.devtools.add-properties' to 'false' to disable
2022-08-17 10:19:14.813  INFO 29692 --- [restartedMain] .e.DevToolsPropertyDefaultsPostProcessor : For additional web related logging consider setting the 'logging.level.web' property to 'DEBUG'
2022-08-17 10:19:15.549  INFO 29692 --- [restartedMain] .s.d.r.c.RepositoryConfigurationDelegate : Bootstrapping Spring Data JPA repositories in DEFAULT mode.
2022-08-17 10:19:15.614  INFO 29692 --- [restartedMain] .s.d.r.c.RepositoryConfigurationDelegate : Finished Spring Data repository scanning in 58 ms. Found 6 JPA repository interfaces.
2022-08-17 10:19:16.066  INFO 29692 --- [restartedMain] o.s.b.w.embedded.tomcat.TomcatWebServer  : Tomcat initialized with port(s): 8081 (http)
2022-08-17 10:19:16.073  INFO 29692 --- [restartedMain] o.apache.catalina.core.StandardService   : Starting service [Tomcat]
2022-08-17 10:19:16.073  INFO 29692 --- [restartedMain] org.apache.catalina.core.StandardEngine  : Starting Servlet engine: [Apache Tomcat/9.0.65]
2022-08-17 10:19:16.167  INFO 29692 --- [restartedMain] o.a.c.c.C.[Tomcat].[localhost].[/]       : Initializing Spring embedded WebApplicationContext
2022-08-17 10:19:16.167  INFO 29692 --- [restartedMain] w.s.c.ServletWebServerApplicationContext : Root WebApplicationContext: initialization completed in 1354 ms
2022-08-17 10:19:16.188  INFO 29692 --- [restartedMain] com.zaxxer.hikari.HikariDataSource       : HikariPool-1 - Starting...
2022-08-17 10:19:16.472  INFO 29692 --- [restartedMain] com.zaxxer.hikari.HikariDataSource       : HikariPool-1 - Start completed.
2022-08-17 10:19:16.480  INFO 29692 --- [restartedMain] o.s.b.a.h2.H2ConsoleAutoConfiguration    : H2 console available at '/h2-console'. Database available at 'jdbc:mysql://i7d207.p.ssafy.io:3306/ssafy?serverTimezone=Asia/Seoul'
2022-08-17 10:19:16.588  INFO 29692 --- [restartedMain] o.hibernate.jpa.internal.util.LogHelper  : HHH000204: Processing PersistenceUnitInfo [name: default]
2022-08-17 10:19:16.625  INFO 29692 --- [restartedMain] org.hibernate.Version                    : HHH000412: Hibernate ORM core version 5.6.10.Final
2022-08-17 10:19:16.750  INFO 29692 --- [restartedMain] o.hibernate.annotations.common.Version   : HCANN000001: Hibernate Commons Annotations {5.1.2.Final}
2022-08-17 10:19:16.847  INFO 29692 --- [restartedMain] org.hibernate.dialect.Dialect            : HHH000400: Using dialect: org.hibernate.dialect.MySQL8Dialect
2022-08-17 10:19:17.464  INFO 29692 --- [restartedMain] o.h.e.t.j.p.i.JtaPlatformInitiator       : HHH000490: Using JtaPlatform implementation: [org.hibernate.engine.transaction.jta.platform.internal.NoJtaPlatform]
2022-08-17 10:19:17.472  INFO 29692 --- [restartedMain] j.LocalContainerEntityManagerFactoryBean : Initialized JPA EntityManagerFactory for persistence unit 'default'
2022-08-17 10:19:18.006  WARN 29692 --- [restartedMain] JpaBaseConfiguration$JpaWebConfiguration : spring.jpa.open-in-view is enabled by default. Therefore, database queries may be performed during view rendering. Explicitly configure spring.jpa.open-in-view to disable this warning
2022-08-17 10:19:18.186  INFO 29692 --- [restartedMain] o.s.b.d.a.OptionalLiveReloadServer       : LiveReload server is running on port 35729
2022-08-17 10:19:18.432  INFO 29692 --- [restartedMain] o.s.b.w.embedded.tomcat.TomcatWebServer  : Tomcat started on port(s): 8081 (http) with context path ''
2022-08-17 10:19:18.656  INFO 29692 --- [restartedMain] c.ssafy.CommonPJT.CommonPjtApplication   : Started CommonPjtApplication in 4.209 seconds (JVM running for 5.389)
2022-08-17 10:19:21.225  INFO 29692 --- [http-nio-8081-exec-1] o.a.c.c.C.[Tomcat].[localhost].[/]       : Initializing Spring DispatcherServlet 'dispatcherServlet'
2022-08-17 10:19:21.226  INFO 29692 --- [http-nio-8081-exec-1] o.s.web.servlet.DispatcherServlet        : Initializing Servlet 'dispatcherServlet'
2022-08-17 10:19:21.227  INFO 29692 --- [http-nio-8081-exec-1] o.s.web.servlet.DispatcherServlet        : Completed initialization in 1 ms
2022-08-17 10:19:21.243  INFO 29692 --- [http-nio-8081-exec-1] c.s.C.controller.SocketController        : @ChatController, socket GET()
2022-08-17 10:19:44.269  INFO 29692 --- [http-nio-8081-exec-2] c.s.C.controller.SocketController        : @ChatController, socket GET()
2022-08-17 10:20:19.073  INFO 29692 --- [SpringApplicationShutdownHook] j.LocalContainerEntityManagerFactoryBean : Closing JPA EntityManagerFactory for persistence unit 'default'
2022-08-17 10:20:19.078  INFO 29692 --- [SpringApplicationShutdownHook] com.zaxxer.hikari.HikariDataSource       : HikariPool-1 - Shutdown initiated...
2022-08-17 10:20:19.082  INFO 29692 --- [SpringApplicationShutdownHook] com.zaxxer.hikari.HikariDataSource       : HikariPool-1 - Shutdown completed.
2022-08-17 10:20:22.904  INFO 35844 --- [restartedMain] c.ssafy.CommonPJT.CommonPjtApplication   : Starting CommonPjtApplication using Java 1.8.0_192 on DESKTOP-G71FRBB with PID 35844 (C:\ssafy1\BE\CommonPJT\build\classes\java\main started by choi in C:\ssafy1\BE\CommonPJT)
2022-08-17 10:20:22.906  INFO 35844 --- [restartedMain] c.ssafy.CommonPJT.CommonPjtApplication   : No active profile set, falling back to 1 default profile: "default"
2022-08-17 10:20:22.939  INFO 35844 --- [restartedMain] .e.DevToolsPropertyDefaultsPostProcessor : Devtools property defaults active! Set 'spring.devtools.add-properties' to 'false' to disable
2022-08-17 10:20:22.940  INFO 35844 --- [restartedMain] .e.DevToolsPropertyDefaultsPostProcessor : For additional web related logging consider setting the 'logging.level.web' property to 'DEBUG'
2022-08-17 10:20:23.714  INFO 35844 --- [restartedMain] .s.d.r.c.RepositoryConfigurationDelegate : Bootstrapping Spring Data JPA repositories in DEFAULT mode.
2022-08-17 10:20:23.790  INFO 35844 --- [restartedMain] .s.d.r.c.RepositoryConfigurationDelegate : Finished Spring Data repository scanning in 67 ms. Found 6 JPA repository interfaces.
2022-08-17 10:20:24.288  INFO 35844 --- [restartedMain] o.s.b.w.embedded.tomcat.TomcatWebServer  : Tomcat initialized with port(s): 8081 (http)
2022-08-17 10:20:24.295  INFO 35844 --- [restartedMain] o.apache.catalina.core.StandardService   : Starting service [Tomcat]
2022-08-17 10:20:24.296  INFO 35844 --- [restartedMain] org.apache.catalina.core.StandardEngine  : Starting Servlet engine: [Apache Tomcat/9.0.65]
2022-08-17 10:20:24.432  INFO 35844 --- [restartedMain] o.a.c.c.C.[Tomcat].[localhost].[/]       : Initializing Spring embedded WebApplicationContext
2022-08-17 10:20:24.433  INFO 35844 --- [restartedMain] w.s.c.ServletWebServerApplicationContext : Root WebApplicationContext: initialization completed in 1493 ms
2022-08-17 10:20:24.468  INFO 35844 --- [restartedMain] com.zaxxer.hikari.HikariDataSource       : HikariPool-1 - Starting...
2022-08-17 10:20:24.903  INFO 35844 --- [restartedMain] com.zaxxer.hikari.HikariDataSource       : HikariPool-1 - Start completed.
2022-08-17 10:20:24.912  INFO 35844 --- [restartedMain] o.s.b.a.h2.H2ConsoleAutoConfiguration    : H2 console available at '/h2-console'. Database available at 'jdbc:mysql://i7d207.p.ssafy.io:3306/ssafy?serverTimezone=Asia/Seoul'
2022-08-17 10:20:25.031  INFO 35844 --- [restartedMain] o.hibernate.jpa.internal.util.LogHelper  : HHH000204: Processing PersistenceUnitInfo [name: default]
2022-08-17 10:20:25.066  INFO 35844 --- [restartedMain] org.hibernate.Version                    : HHH000412: Hibernate ORM core version 5.6.10.Final
2022-08-17 10:20:25.199  INFO 35844 --- [restartedMain] o.hibernate.annotations.common.Version   : HCANN000001: Hibernate Commons Annotations {5.1.2.Final}
2022-08-17 10:20:25.289  INFO 35844 --- [restartedMain] org.hibernate.dialect.Dialect            : HHH000400: Using dialect: org.hibernate.dialect.MySQL8Dialect
2022-08-17 10:20:25.963  INFO 35844 --- [restartedMain] o.h.e.t.j.p.i.JtaPlatformInitiator       : HHH000490: Using JtaPlatform implementation: [org.hibernate.engine.transaction.jta.platform.internal.NoJtaPlatform]
2022-08-17 10:20:25.971  INFO 35844 --- [restartedMain] j.LocalContainerEntityManagerFactoryBean : Initialized JPA EntityManagerFactory for persistence unit 'default'
2022-08-17 10:20:26.474  WARN 35844 --- [restartedMain] JpaBaseConfiguration$JpaWebConfiguration : spring.jpa.open-in-view is enabled by default. Therefore, database queries may be performed during view rendering. Explicitly configure spring.jpa.open-in-view to disable this warning
2022-08-17 10:20:26.641  INFO 35844 --- [restartedMain] o.s.b.d.a.OptionalLiveReloadServer       : LiveReload server is running on port 35729
2022-08-17 10:20:26.867  INFO 35844 --- [restartedMain] o.s.b.w.embedded.tomcat.TomcatWebServer  : Tomcat started on port(s): 8081 (http) with context path ''
2022-08-17 10:20:26.985  INFO 35844 --- [http-nio-8081-exec-1] o.a.c.c.C.[Tomcat].[localhost].[/]       : Initializing Spring DispatcherServlet 'dispatcherServlet'
2022-08-17 10:20:26.985  INFO 35844 --- [http-nio-8081-exec-1] o.s.web.servlet.DispatcherServlet        : Initializing Servlet 'dispatcherServlet'
2022-08-17 10:20:26.987  INFO 35844 --- [http-nio-8081-exec-1] o.s.web.servlet.DispatcherServlet        : Completed initialization in 2 ms
2022-08-17 10:20:27.004  INFO 35844 --- [http-nio-8081-exec-1] c.s.C.controller.SocketController        : @ChatController, socket GET()
2022-08-17 10:20:27.017 ERROR 35844 --- [http-nio-8081-exec-1] o.a.c.c.C.[.[.[/].[dispatcherServlet]    : Servlet.service() for servlet [dispatcherServlet] in context with path [] threw exception [Circular view path [socket]: would dispatch back to the current handler URL [/socket] again. Check your ViewResolver setup! (Hint: This may be the result of an unspecified view, due to default view name generation.)] with root cause

javax.servlet.ServletException: Circular view path [socket]: would dispatch back to the current handler URL [/socket] again. Check your ViewResolver setup! (Hint: This may be the result of an unspecified view, due to default view name generation.)
	at org.springframework.web.servlet.view.InternalResourceView.prepareForRendering(InternalResourceView.java:210) ~[spring-webmvc-5.3.22.jar:5.3.22]
	at org.springframework.web.servlet.view.InternalResourceView.renderMergedOutputModel(InternalResourceView.java:148) ~[spring-webmvc-5.3.22.jar:5.3.22]
	at org.springframework.web.servlet.view.AbstractView.render(AbstractView.java:316) ~[spring-webmvc-5.3.22.jar:5.3.22]
	at org.springframework.web.servlet.DispatcherServlet.render(DispatcherServlet.java:1404) ~[spring-webmvc-5.3.22.jar:5.3.22]
	at org.springframework.web.servlet.DispatcherServlet.processDispatchResult(DispatcherServlet.java:1148) ~[spring-webmvc-5.3.22.jar:5.3.22]
	at org.springframework.web.servlet.DispatcherServlet.doDispatch(DispatcherServlet.java:1087) ~[spring-webmvc-5.3.22.jar:5.3.22]
	at org.springframework.web.servlet.DispatcherServlet.doService(DispatcherServlet.java:963) ~[spring-webmvc-5.3.22.jar:5.3.22]
	at org.springframework.web.servlet.FrameworkServlet.processRequest(FrameworkServlet.java:1006) ~[spring-webmvc-5.3.22.jar:5.3.22]
	at org.springframework.web.servlet.FrameworkServlet.doGet(FrameworkServlet.java:898) ~[spring-webmvc-5.3.22.jar:5.3.22]
	at javax.servlet.http.HttpServlet.service(HttpServlet.java:655) ~[tomcat-embed-core-9.0.65.jar:4.0.FR]
	at org.springframework.web.servlet.FrameworkServlet.service(FrameworkServlet.java:883) ~[spring-webmvc-5.3.22.jar:5.3.22]
	at javax.servlet.http.HttpServlet.service(HttpServlet.java:764) ~[tomcat-embed-core-9.0.65.jar:4.0.FR]
	at org.apache.catalina.core.ApplicationFilterChain.internalDoFilter(ApplicationFilterChain.java:227) ~[tomcat-embed-core-9.0.65.jar:9.0.65]
	at org.apache.catalina.core.ApplicationFilterChain.doFilter(ApplicationFilterChain.java:162) ~[tomcat-embed-core-9.0.65.jar:9.0.65]
	at org.apache.tomcat.websocket.server.WsFilter.doFilter(WsFilter.java:53) ~[tomcat-embed-websocket-9.0.65.jar:9.0.65]
	at org.apache.catalina.core.ApplicationFilterChain.internalDoFilter(ApplicationFilterChain.java:189) ~[tomcat-embed-core-9.0.65.jar:9.0.65]
	at org.apache.catalina.core.ApplicationFilterChain.doFilter(ApplicationFilterChain.java:162) ~[tomcat-embed-core-9.0.65.jar:9.0.65]
	at org.springframework.web.filter.RequestContextFilter.doFilterInternal(RequestContextFilter.java:100) ~[spring-web-5.3.22.jar:5.3.22]
	at org.springframework.web.filter.OncePerRequestFilter.doFilter(OncePerRequestFilter.java:117) ~[spring-web-5.3.22.jar:5.3.22]
	at org.apache.catalina.core.ApplicationFilterChain.internalDoFilter(ApplicationFilterChain.java:189) ~[tomcat-embed-core-9.0.65.jar:9.0.65]
	at org.apache.catalina.core.ApplicationFilterChain.doFilter(ApplicationFilterChain.java:162) ~[tomcat-embed-core-9.0.65.jar:9.0.65]
	at org.springframework.web.filter.FormContentFilter.doFilterInternal(FormContentFilter.java:93) ~[spring-web-5.3.22.jar:5.3.22]
	at org.springframework.web.filter.OncePerRequestFilter.doFilter(OncePerRequestFilter.java:117) ~[spring-web-5.3.22.jar:5.3.22]
	at org.apache.catalina.core.ApplicationFilterChain.internalDoFilter(ApplicationFilterChain.java:189) ~[tomcat-embed-core-9.0.65.jar:9.0.65]
	at org.apache.catalina.core.ApplicationFilterChain.doFilter(ApplicationFilterChain.java:162) ~[tomcat-embed-core-9.0.65.jar:9.0.65]
	at org.springframework.web.filter.HiddenHttpMethodFilter.doFilterInternal(HiddenHttpMethodFilter.java:94) ~[spring-web-5.3.22.jar:5.3.22]
	at org.springframework.web.filter.OncePerRequestFilter.doFilter(OncePerRequestFilter.java:117) ~[spring-web-5.3.22.jar:5.3.22]
	at org.apache.catalina.core.ApplicationFilterChain.internalDoFilter(ApplicationFilterChain.java:189) ~[tomcat-embed-core-9.0.65.jar:9.0.65]
	at org.apache.catalina.core.ApplicationFilterChain.doFilter(ApplicationFilterChain.java:162) ~[tomcat-embed-core-9.0.65.jar:9.0.65]
	at org.springframework.web.filter.CharacterEncodingFilter.doFilterInternal(CharacterEncodingFilter.java:201) ~[spring-web-5.3.22.jar:5.3.22]
	at org.springframework.web.filter.OncePerRequestFilter.doFilter(OncePerRequestFilter.java:117) ~[spring-web-5.3.22.jar:5.3.22]
	at org.apache.catalina.core.ApplicationFilterChain.internalDoFilter(ApplicationFilterChain.java:189) ~[tomcat-embed-core-9.0.65.jar:9.0.65]
	at org.apache.catalina.core.ApplicationFilterChain.doFilter(ApplicationFilterChain.java:162) ~[tomcat-embed-core-9.0.65.jar:9.0.65]
	at org.apache.catalina.core.StandardWrapperValve.invoke(StandardWrapperValve.java:197) ~[tomcat-embed-core-9.0.65.jar:9.0.65]
	at org.apache.catalina.core.StandardContextValve.invoke(StandardContextValve.java:97) [tomcat-embed-core-9.0.65.jar:9.0.65]
	at org.apache.catalina.authenticator.AuthenticatorBase.invoke(AuthenticatorBase.java:541) [tomcat-embed-core-9.0.65.jar:9.0.65]
	at org.apache.catalina.core.StandardHostValve.invoke(StandardHostValve.java:135) [tomcat-embed-core-9.0.65.jar:9.0.65]
	at org.apache.catalina.valves.ErrorReportValve.invoke(ErrorReportValve.java:92) [tomcat-embed-core-9.0.65.jar:9.0.65]
	at org.apache.catalina.core.StandardEngineValve.invoke(StandardEngineValve.java:78) [tomcat-embed-core-9.0.65.jar:9.0.65]
	at org.apache.catalina.connector.CoyoteAdapter.service(CoyoteAdapter.java:360) [tomcat-embed-core-9.0.65.jar:9.0.65]
	at org.apache.coyote.http11.Http11Processor.service(Http11Processor.java:399) [tomcat-embed-core-9.0.65.jar:9.0.65]
	at org.apache.coyote.AbstractProcessorLight.process(AbstractProcessorLight.java:65) [tomcat-embed-core-9.0.65.jar:9.0.65]
	at org.apache.coyote.AbstractProtocol$ConnectionHandler.process(AbstractProtocol.java:890) [tomcat-embed-core-9.0.65.jar:9.0.65]
	at org.apache.tomcat.util.net.NioEndpoint$SocketProcessor.doRun(NioEndpoint.java:1789) [tomcat-embed-core-9.0.65.jar:9.0.65]
	at org.apache.tomcat.util.net.SocketProcessorBase.run(SocketProcessorBase.java:49) [tomcat-embed-core-9.0.65.jar:9.0.65]
	at org.apache.tomcat.util.threads.ThreadPoolExecutor.runWorker(ThreadPoolExecutor.java:1191) [tomcat-embed-core-9.0.65.jar:9.0.65]
	at org.apache.tomcat.util.threads.ThreadPoolExecutor$Worker.run(ThreadPoolExecutor.java:659) [tomcat-embed-core-9.0.65.jar:9.0.65]
	at org.apache.tomcat.util.threads.TaskThread$WrappingRunnable.run(TaskThread.java:61) [tomcat-embed-core-9.0.65.jar:9.0.65]
	at java.lang.Thread.run(Thread.java:748) [na:1.8.0_192]

2022-08-17 10:20:27.094  INFO 35844 --- [restartedMain] c.ssafy.CommonPJT.CommonPjtApplication   : Started CommonPjtApplication in 4.51 seconds (JVM running for 5.507)
2022-08-17 10:21:21.532  INFO 35844 --- [SpringApplicationShutdownHook] j.LocalContainerEntityManagerFactoryBean : Closing JPA EntityManagerFactory for persistence unit 'default'
2022-08-17 10:21:21.535  INFO 35844 --- [SpringApplicationShutdownHook] com.zaxxer.hikari.HikariDataSource       : HikariPool-1 - Shutdown initiated...
2022-08-17 10:21:21.538  INFO 35844 --- [SpringApplicationShutdownHook] com.zaxxer.hikari.HikariDataSource       : HikariPool-1 - Shutdown completed.
2022-08-17 10:21:25.226  INFO 14004 --- [restartedMain] c.ssafy.CommonPJT.CommonPjtApplication   : Starting CommonPjtApplication using Java 1.8.0_192 on DESKTOP-G71FRBB with PID 14004 (C:\ssafy1\BE\CommonPJT\build\classes\java\main started by choi in C:\ssafy1\BE\CommonPJT)
2022-08-17 10:21:25.227  INFO 14004 --- [restartedMain] c.ssafy.CommonPJT.CommonPjtApplication   : No active profile set, falling back to 1 default profile: "default"
2022-08-17 10:21:25.264  INFO 14004 --- [restartedMain] .e.DevToolsPropertyDefaultsPostProcessor : Devtools property defaults active! Set 'spring.devtools.add-properties' to 'false' to disable
2022-08-17 10:21:25.264  INFO 14004 --- [restartedMain] .e.DevToolsPropertyDefaultsPostProcessor : For additional web related logging consider setting the 'logging.level.web' property to 'DEBUG'
2022-08-17 10:21:26.069  INFO 14004 --- [restartedMain] .s.d.r.c.RepositoryConfigurationDelegate : Bootstrapping Spring Data JPA repositories in DEFAULT mode.
2022-08-17 10:21:26.135  INFO 14004 --- [restartedMain] .s.d.r.c.RepositoryConfigurationDelegate : Finished Spring Data repository scanning in 59 ms. Found 6 JPA repository interfaces.
2022-08-17 10:21:26.656  INFO 14004 --- [restartedMain] o.s.b.w.embedded.tomcat.TomcatWebServer  : Tomcat initialized with port(s): 8081 (http)
2022-08-17 10:21:26.663  INFO 14004 --- [restartedMain] o.apache.catalina.core.StandardService   : Starting service [Tomcat]
2022-08-17 10:21:26.663  INFO 14004 --- [restartedMain] org.apache.catalina.core.StandardEngine  : Starting Servlet engine: [Apache Tomcat/9.0.65]
2022-08-17 10:21:26.755  INFO 14004 --- [restartedMain] o.a.c.c.C.[Tomcat].[localhost].[/]       : Initializing Spring embedded WebApplicationContext
2022-08-17 10:21:26.755  INFO 14004 --- [restartedMain] w.s.c.ServletWebServerApplicationContext : Root WebApplicationContext: initialization completed in 1490 ms
2022-08-17 10:21:26.776  INFO 14004 --- [restartedMain] com.zaxxer.hikari.HikariDataSource       : HikariPool-1 - Starting...
2022-08-17 10:21:27.087  INFO 14004 --- [restartedMain] com.zaxxer.hikari.HikariDataSource       : HikariPool-1 - Start completed.
2022-08-17 10:21:27.095  INFO 14004 --- [restartedMain] o.s.b.a.h2.H2ConsoleAutoConfiguration    : H2 console available at '/h2-console'. Database available at 'jdbc:mysql://i7d207.p.ssafy.io:3306/ssafy?serverTimezone=Asia/Seoul'
2022-08-17 10:21:27.212  INFO 14004 --- [restartedMain] o.hibernate.jpa.internal.util.LogHelper  : HHH000204: Processing PersistenceUnitInfo [name: default]
2022-08-17 10:21:27.250  INFO 14004 --- [restartedMain] org.hibernate.Version                    : HHH000412: Hibernate ORM core version 5.6.10.Final
2022-08-17 10:21:27.381  INFO 14004 --- [restartedMain] o.hibernate.annotations.common.Version   : HCANN000001: Hibernate Commons Annotations {5.1.2.Final}
2022-08-17 10:21:27.498  INFO 14004 --- [restartedMain] org.hibernate.dialect.Dialect            : HHH000400: Using dialect: org.hibernate.dialect.MySQL8Dialect
2022-08-17 10:21:28.197  INFO 14004 --- [restartedMain] o.h.e.t.j.p.i.JtaPlatformInitiator       : HHH000490: Using JtaPlatform implementation: [org.hibernate.engine.transaction.jta.platform.internal.NoJtaPlatform]
2022-08-17 10:21:28.205  INFO 14004 --- [restartedMain] j.LocalContainerEntityManagerFactoryBean : Initialized JPA EntityManagerFactory for persistence unit 'default'
2022-08-17 10:21:28.808  WARN 14004 --- [restartedMain] JpaBaseConfiguration$JpaWebConfiguration : spring.jpa.open-in-view is enabled by default. Therefore, database queries may be performed during view rendering. Explicitly configure spring.jpa.open-in-view to disable this warning
2022-08-17 10:21:28.997  INFO 14004 --- [restartedMain] o.s.b.d.a.OptionalLiveReloadServer       : LiveReload server is running on port 35729
2022-08-17 10:21:29.241  INFO 14004 --- [restartedMain] o.s.b.w.embedded.tomcat.TomcatWebServer  : Tomcat started on port(s): 8081 (http) with context path ''
2022-08-17 10:21:29.425  INFO 14004 --- [http-nio-8081-exec-1] o.a.c.c.C.[Tomcat].[localhost].[/]       : Initializing Spring DispatcherServlet 'dispatcherServlet'
2022-08-17 10:21:29.426  INFO 14004 --- [http-nio-8081-exec-1] o.s.web.servlet.DispatcherServlet        : Initializing Servlet 'dispatcherServlet'
2022-08-17 10:21:29.427  INFO 14004 --- [http-nio-8081-exec-1] o.s.web.servlet.DispatcherServlet        : Completed initialization in 1 ms
2022-08-17 10:21:29.477  INFO 14004 --- [restartedMain] c.ssafy.CommonPJT.CommonPjtApplication   : Started CommonPjtApplication in 4.585 seconds (JVM running for 5.533)
2022-08-17 10:21:51.048  INFO 14004 --- [SpringApplicationShutdownHook] j.LocalContainerEntityManagerFactoryBean : Closing JPA EntityManagerFactory for persistence unit 'default'
2022-08-17 10:21:51.051  INFO 14004 --- [SpringApplicationShutdownHook] com.zaxxer.hikari.HikariDataSource       : HikariPool-1 - Shutdown initiated...
2022-08-17 10:21:51.053  INFO 14004 --- [SpringApplicationShutdownHook] com.zaxxer.hikari.HikariDataSource       : HikariPool-1 - Shutdown completed.
2022-08-17 10:21:54.920  INFO 24688 --- [restartedMain] c.ssafy.CommonPJT.CommonPjtApplication   : Starting CommonPjtApplication using Java 1.8.0_192 on DESKTOP-G71FRBB with PID 24688 (C:\ssafy1\BE\CommonPJT\build\classes\java\main started by choi in C:\ssafy1\BE\CommonPJT)
2022-08-17 10:21:54.921  INFO 24688 --- [restartedMain] c.ssafy.CommonPJT.CommonPjtApplication   : No active profile set, falling back to 1 default profile: "default"
2022-08-17 10:21:54.959  INFO 24688 --- [restartedMain] .e.DevToolsPropertyDefaultsPostProcessor : Devtools property defaults active! Set 'spring.devtools.add-properties' to 'false' to disable
2022-08-17 10:21:54.959  INFO 24688 --- [restartedMain] .e.DevToolsPropertyDefaultsPostProcessor : For additional web related logging consider setting the 'logging.level.web' property to 'DEBUG'
2022-08-17 10:21:55.705  INFO 24688 --- [restartedMain] .s.d.r.c.RepositoryConfigurationDelegate : Bootstrapping Spring Data JPA repositories in DEFAULT mode.
2022-08-17 10:21:55.768  INFO 24688 --- [restartedMain] .s.d.r.c.RepositoryConfigurationDelegate : Finished Spring Data repository scanning in 55 ms. Found 6 JPA repository interfaces.
2022-08-17 10:21:56.212  INFO 24688 --- [restartedMain] o.s.b.w.embedded.tomcat.TomcatWebServer  : Tomcat initialized with port(s): 8081 (http)
2022-08-17 10:21:56.218  INFO 24688 --- [restartedMain] o.apache.catalina.core.StandardService   : Starting service [Tomcat]
2022-08-17 10:21:56.219  INFO 24688 --- [restartedMain] org.apache.catalina.core.StandardEngine  : Starting Servlet engine: [Apache Tomcat/9.0.65]
2022-08-17 10:21:56.305  INFO 24688 --- [restartedMain] o.a.c.c.C.[Tomcat].[localhost].[/]       : Initializing Spring embedded WebApplicationContext
2022-08-17 10:21:56.305  INFO 24688 --- [restartedMain] w.s.c.ServletWebServerApplicationContext : Root WebApplicationContext: initialization completed in 1345 ms
2022-08-17 10:21:56.324  INFO 24688 --- [restartedMain] com.zaxxer.hikari.HikariDataSource       : HikariPool-1 - Starting...
2022-08-17 10:21:56.617  INFO 24688 --- [restartedMain] com.zaxxer.hikari.HikariDataSource       : HikariPool-1 - Start completed.
2022-08-17 10:21:56.623  INFO 24688 --- [restartedMain] o.s.b.a.h2.H2ConsoleAutoConfiguration    : H2 console available at '/h2-console'. Database available at 'jdbc:mysql://i7d207.p.ssafy.io:3306/ssafy?serverTimezone=Asia/Seoul'
2022-08-17 10:21:56.731  INFO 24688 --- [restartedMain] o.hibernate.jpa.internal.util.LogHelper  : HHH000204: Processing PersistenceUnitInfo [name: default]
2022-08-17 10:21:56.765  INFO 24688 --- [restartedMain] org.hibernate.Version                    : HHH000412: Hibernate ORM core version 5.6.10.Final
2022-08-17 10:21:56.894  INFO 24688 --- [restartedMain] o.hibernate.annotations.common.Version   : HCANN000001: Hibernate Commons Annotations {5.1.2.Final}
2022-08-17 10:21:56.992  INFO 24688 --- [restartedMain] org.hibernate.dialect.Dialect            : HHH000400: Using dialect: org.hibernate.dialect.MySQL8Dialect
2022-08-17 10:21:57.635  INFO 24688 --- [restartedMain] o.h.e.t.j.p.i.JtaPlatformInitiator       : HHH000490: Using JtaPlatform implementation: [org.hibernate.engine.transaction.jta.platform.internal.NoJtaPlatform]
2022-08-17 10:21:57.643  INFO 24688 --- [restartedMain] j.LocalContainerEntityManagerFactoryBean : Initialized JPA EntityManagerFactory for persistence unit 'default'
2022-08-17 10:21:58.208  WARN 24688 --- [restartedMain] JpaBaseConfiguration$JpaWebConfiguration : spring.jpa.open-in-view is enabled by default. Therefore, database queries may be performed during view rendering. Explicitly configure spring.jpa.open-in-view to disable this warning
2022-08-17 10:21:58.418  INFO 24688 --- [restartedMain] o.s.b.d.a.OptionalLiveReloadServer       : LiveReload server is running on port 35729
2022-08-17 10:21:58.675  INFO 24688 --- [restartedMain] o.s.b.w.embedded.tomcat.TomcatWebServer  : Tomcat started on port(s): 8081 (http) with context path ''
2022-08-17 10:21:58.916  INFO 24688 --- [restartedMain] c.ssafy.CommonPJT.CommonPjtApplication   : Started CommonPjtApplication in 4.334 seconds (JVM running for 5.48)
2022-08-17 10:21:59.156  INFO 24688 --- [http-nio-8081-exec-1] o.a.c.c.C.[Tomcat].[localhost].[/]       : Initializing Spring DispatcherServlet 'dispatcherServlet'
2022-08-17 10:21:59.156  INFO 24688 --- [http-nio-8081-exec-1] o.s.web.servlet.DispatcherServlet        : Initializing Servlet 'dispatcherServlet'
2022-08-17 10:21:59.157  INFO 24688 --- [http-nio-8081-exec-1] o.s.web.servlet.DispatcherServlet        : Completed initialization in 0 ms
2022-08-17 10:21:59.175  INFO 24688 --- [http-nio-8081-exec-1] c.s.C.controller.SocketController        : @ChatController, socket GET()
2022-08-17 10:21:59.186 ERROR 24688 --- [http-nio-8081-exec-1] o.a.c.c.C.[.[.[/].[dispatcherServlet]    : Servlet.service() for servlet [dispatcherServlet] in context with path [] threw exception [Circular view path [socket]: would dispatch back to the current handler URL [/socket] again. Check your ViewResolver setup! (Hint: This may be the result of an unspecified view, due to default view name generation.)] with root cause

javax.servlet.ServletException: Circular view path [socket]: would dispatch back to the current handler URL [/socket] again. Check your ViewResolver setup! (Hint: This may be the result of an unspecified view, due to default view name generation.)
	at org.springframework.web.servlet.view.InternalResourceView.prepareForRendering(InternalResourceView.java:210) ~[spring-webmvc-5.3.22.jar:5.3.22]
	at org.springframework.web.servlet.view.InternalResourceView.renderMergedOutputModel(InternalResourceView.java:148) ~[spring-webmvc-5.3.22.jar:5.3.22]
	at org.springframework.web.servlet.view.AbstractView.render(AbstractView.java:316) ~[spring-webmvc-5.3.22.jar:5.3.22]
	at org.springframework.web.servlet.DispatcherServlet.render(DispatcherServlet.java:1404) ~[spring-webmvc-5.3.22.jar:5.3.22]
	at org.springframework.web.servlet.DispatcherServlet.processDispatchResult(DispatcherServlet.java:1148) ~[spring-webmvc-5.3.22.jar:5.3.22]
	at org.springframework.web.servlet.DispatcherServlet.doDispatch(DispatcherServlet.java:1087) ~[spring-webmvc-5.3.22.jar:5.3.22]
	at org.springframework.web.servlet.DispatcherServlet.doService(DispatcherServlet.java:963) ~[spring-webmvc-5.3.22.jar:5.3.22]
	at org.springframework.web.servlet.FrameworkServlet.processRequest(FrameworkServlet.java:1006) ~[spring-webmvc-5.3.22.jar:5.3.22]
	at org.springframework.web.servlet.FrameworkServlet.doGet(FrameworkServlet.java:898) ~[spring-webmvc-5.3.22.jar:5.3.22]
	at javax.servlet.http.HttpServlet.service(HttpServlet.java:655) ~[tomcat-embed-core-9.0.65.jar:4.0.FR]
	at org.springframework.web.servlet.FrameworkServlet.service(FrameworkServlet.java:883) ~[spring-webmvc-5.3.22.jar:5.3.22]
	at javax.servlet.http.HttpServlet.service(HttpServlet.java:764) ~[tomcat-embed-core-9.0.65.jar:4.0.FR]
	at org.apache.catalina.core.ApplicationFilterChain.internalDoFilter(ApplicationFilterChain.java:227) ~[tomcat-embed-core-9.0.65.jar:9.0.65]
	at org.apache.catalina.core.ApplicationFilterChain.doFilter(ApplicationFilterChain.java:162) ~[tomcat-embed-core-9.0.65.jar:9.0.65]
	at org.apache.tomcat.websocket.server.WsFilter.doFilter(WsFilter.java:53) ~[tomcat-embed-websocket-9.0.65.jar:9.0.65]
	at org.apache.catalina.core.ApplicationFilterChain.internalDoFilter(ApplicationFilterChain.java:189) ~[tomcat-embed-core-9.0.65.jar:9.0.65]
	at org.apache.catalina.core.ApplicationFilterChain.doFilter(ApplicationFilterChain.java:162) ~[tomcat-embed-core-9.0.65.jar:9.0.65]
	at org.springframework.web.filter.RequestContextFilter.doFilterInternal(RequestContextFilter.java:100) ~[spring-web-5.3.22.jar:5.3.22]
	at org.springframework.web.filter.OncePerRequestFilter.doFilter(OncePerRequestFilter.java:117) ~[spring-web-5.3.22.jar:5.3.22]
	at org.apache.catalina.core.ApplicationFilterChain.internalDoFilter(ApplicationFilterChain.java:189) ~[tomcat-embed-core-9.0.65.jar:9.0.65]
	at org.apache.catalina.core.ApplicationFilterChain.doFilter(ApplicationFilterChain.java:162) ~[tomcat-embed-core-9.0.65.jar:9.0.65]
	at org.springframework.web.filter.FormContentFilter.doFilterInternal(FormContentFilter.java:93) ~[spring-web-5.3.22.jar:5.3.22]
	at org.springframework.web.filter.OncePerRequestFilter.doFilter(OncePerRequestFilter.java:117) ~[spring-web-5.3.22.jar:5.3.22]
	at org.apache.catalina.core.ApplicationFilterChain.internalDoFilter(ApplicationFilterChain.java:189) ~[tomcat-embed-core-9.0.65.jar:9.0.65]
	at org.apache.catalina.core.ApplicationFilterChain.doFilter(ApplicationFilterChain.java:162) ~[tomcat-embed-core-9.0.65.jar:9.0.65]
	at org.springframework.web.filter.HiddenHttpMethodFilter.doFilterInternal(HiddenHttpMethodFilter.java:94) ~[spring-web-5.3.22.jar:5.3.22]
	at org.springframework.web.filter.OncePerRequestFilter.doFilter(OncePerRequestFilter.java:117) ~[spring-web-5.3.22.jar:5.3.22]
	at org.apache.catalina.core.ApplicationFilterChain.internalDoFilter(ApplicationFilterChain.java:189) ~[tomcat-embed-core-9.0.65.jar:9.0.65]
	at org.apache.catalina.core.ApplicationFilterChain.doFilter(ApplicationFilterChain.java:162) ~[tomcat-embed-core-9.0.65.jar:9.0.65]
	at org.springframework.web.filter.CharacterEncodingFilter.doFilterInternal(CharacterEncodingFilter.java:201) ~[spring-web-5.3.22.jar:5.3.22]
	at org.springframework.web.filter.OncePerRequestFilter.doFilter(OncePerRequestFilter.java:117) ~[spring-web-5.3.22.jar:5.3.22]
	at org.apache.catalina.core.ApplicationFilterChain.internalDoFilter(ApplicationFilterChain.java:189) ~[tomcat-embed-core-9.0.65.jar:9.0.65]
	at org.apache.catalina.core.ApplicationFilterChain.doFilter(ApplicationFilterChain.java:162) ~[tomcat-embed-core-9.0.65.jar:9.0.65]
	at org.apache.catalina.core.StandardWrapperValve.invoke(StandardWrapperValve.java:197) ~[tomcat-embed-core-9.0.65.jar:9.0.65]
	at org.apache.catalina.core.StandardContextValve.invoke(StandardContextValve.java:97) [tomcat-embed-core-9.0.65.jar:9.0.65]
	at org.apache.catalina.authenticator.AuthenticatorBase.invoke(AuthenticatorBase.java:541) [tomcat-embed-core-9.0.65.jar:9.0.65]
	at org.apache.catalina.core.StandardHostValve.invoke(StandardHostValve.java:135) [tomcat-embed-core-9.0.65.jar:9.0.65]
	at org.apache.catalina.valves.ErrorReportValve.invoke(ErrorReportValve.java:92) [tomcat-embed-core-9.0.65.jar:9.0.65]
	at org.apache.catalina.core.StandardEngineValve.invoke(StandardEngineValve.java:78) [tomcat-embed-core-9.0.65.jar:9.0.65]
	at org.apache.catalina.connector.CoyoteAdapter.service(CoyoteAdapter.java:360) [tomcat-embed-core-9.0.65.jar:9.0.65]
	at org.apache.coyote.http11.Http11Processor.service(Http11Processor.java:399) [tomcat-embed-core-9.0.65.jar:9.0.65]
	at org.apache.coyote.AbstractProcessorLight.process(AbstractProcessorLight.java:65) [tomcat-embed-core-9.0.65.jar:9.0.65]
	at org.apache.coyote.AbstractProtocol$ConnectionHandler.process(AbstractProtocol.java:890) [tomcat-embed-core-9.0.65.jar:9.0.65]
	at org.apache.tomcat.util.net.NioEndpoint$SocketProcessor.doRun(NioEndpoint.java:1789) [tomcat-embed-core-9.0.65.jar:9.0.65]
	at org.apache.tomcat.util.net.SocketProcessorBase.run(SocketProcessorBase.java:49) [tomcat-embed-core-9.0.65.jar:9.0.65]
	at org.apache.tomcat.util.threads.ThreadPoolExecutor.runWorker(ThreadPoolExecutor.java:1191) [tomcat-embed-core-9.0.65.jar:9.0.65]
	at org.apache.tomcat.util.threads.ThreadPoolExecutor$Worker.run(ThreadPoolExecutor.java:659) [tomcat-embed-core-9.0.65.jar:9.0.65]
	at org.apache.tomcat.util.threads.TaskThread$WrappingRunnable.run(TaskThread.java:61) [tomcat-embed-core-9.0.65.jar:9.0.65]
	at java.lang.Thread.run(Thread.java:748) [na:1.8.0_192]

2022-08-17 10:22:39.015  INFO 24688 --- [SpringApplicationShutdownHook] j.LocalContainerEntityManagerFactoryBean : Closing JPA EntityManagerFactory for persistence unit 'default'
2022-08-17 10:22:39.018  INFO 24688 --- [SpringApplicationShutdownHook] com.zaxxer.hikari.HikariDataSource       : HikariPool-1 - Shutdown initiated...
2022-08-17 10:22:39.021  INFO 24688 --- [SpringApplicationShutdownHook] com.zaxxer.hikari.HikariDataSource       : HikariPool-1 - Shutdown completed.
2022-08-17 10:22:42.795  INFO 20416 --- [restartedMain] c.ssafy.CommonPJT.CommonPjtApplication   : Starting CommonPjtApplication using Java 1.8.0_192 on DESKTOP-G71FRBB with PID 20416 (C:\ssafy1\BE\CommonPJT\build\classes\java\main started by choi in C:\ssafy1\BE\CommonPJT)
2022-08-17 10:22:42.797  INFO 20416 --- [restartedMain] c.ssafy.CommonPJT.CommonPjtApplication   : No active profile set, falling back to 1 default profile: "default"
2022-08-17 10:22:42.836  INFO 20416 --- [restartedMain] .e.DevToolsPropertyDefaultsPostProcessor : Devtools property defaults active! Set 'spring.devtools.add-properties' to 'false' to disable
2022-08-17 10:22:42.836  INFO 20416 --- [restartedMain] .e.DevToolsPropertyDefaultsPostProcessor : For additional web related logging consider setting the 'logging.level.web' property to 'DEBUG'
2022-08-17 10:22:43.621  INFO 20416 --- [restartedMain] .s.d.r.c.RepositoryConfigurationDelegate : Bootstrapping Spring Data JPA repositories in DEFAULT mode.
2022-08-17 10:22:43.685  INFO 20416 --- [restartedMain] .s.d.r.c.RepositoryConfigurationDelegate : Finished Spring Data repository scanning in 56 ms. Found 6 JPA repository interfaces.
2022-08-17 10:22:44.126  INFO 20416 --- [restartedMain] o.s.b.w.embedded.tomcat.TomcatWebServer  : Tomcat initialized with port(s): 8081 (http)
2022-08-17 10:22:44.133  INFO 20416 --- [restartedMain] o.apache.catalina.core.StandardService   : Starting service [Tomcat]
2022-08-17 10:22:44.133  INFO 20416 --- [restartedMain] org.apache.catalina.core.StandardEngine  : Starting Servlet engine: [Apache Tomcat/9.0.65]
2022-08-17 10:22:44.242  INFO 20416 --- [restartedMain] o.a.c.c.C.[Tomcat].[localhost].[/]       : Initializing Spring embedded WebApplicationContext
2022-08-17 10:22:44.243  INFO 20416 --- [restartedMain] w.s.c.ServletWebServerApplicationContext : Root WebApplicationContext: initialization completed in 1406 ms
2022-08-17 10:22:44.268  INFO 20416 --- [restartedMain] com.zaxxer.hikari.HikariDataSource       : HikariPool-1 - Starting...
2022-08-17 10:22:44.576  INFO 20416 --- [restartedMain] com.zaxxer.hikari.HikariDataSource       : HikariPool-1 - Start completed.
2022-08-17 10:22:44.582  INFO 20416 --- [restartedMain] o.s.b.a.h2.H2ConsoleAutoConfiguration    : H2 console available at '/h2-console'. Database available at 'jdbc:mysql://i7d207.p.ssafy.io:3306/ssafy?serverTimezone=Asia/Seoul'
2022-08-17 10:22:44.703  INFO 20416 --- [restartedMain] o.hibernate.jpa.internal.util.LogHelper  : HHH000204: Processing PersistenceUnitInfo [name: default]
2022-08-17 10:22:44.740  INFO 20416 --- [restartedMain] org.hibernate.Version                    : HHH000412: Hibernate ORM core version 5.6.10.Final
2022-08-17 10:22:44.857  INFO 20416 --- [restartedMain] o.hibernate.annotations.common.Version   : HCANN000001: Hibernate Commons Annotations {5.1.2.Final}
2022-08-17 10:22:44.947  INFO 20416 --- [restartedMain] org.hibernate.dialect.Dialect            : HHH000400: Using dialect: org.hibernate.dialect.MySQL8Dialect
2022-08-17 10:22:45.586  INFO 20416 --- [restartedMain] o.h.e.t.j.p.i.JtaPlatformInitiator       : HHH000490: Using JtaPlatform implementation: [org.hibernate.engine.transaction.jta.platform.internal.NoJtaPlatform]
2022-08-17 10:22:45.594  INFO 20416 --- [restartedMain] j.LocalContainerEntityManagerFactoryBean : Initialized JPA EntityManagerFactory for persistence unit 'default'
2022-08-17 10:22:46.117  WARN 20416 --- [restartedMain] JpaBaseConfiguration$JpaWebConfiguration : spring.jpa.open-in-view is enabled by default. Therefore, database queries may be performed during view rendering. Explicitly configure spring.jpa.open-in-view to disable this warning
2022-08-17 10:22:46.302  INFO 20416 --- [restartedMain] o.s.b.d.a.OptionalLiveReloadServer       : LiveReload server is running on port 35729
2022-08-17 10:22:46.552  INFO 20416 --- [restartedMain] o.s.b.w.embedded.tomcat.TomcatWebServer  : Tomcat started on port(s): 8081 (http) with context path ''
2022-08-17 10:22:46.800  INFO 20416 --- [restartedMain] c.ssafy.CommonPJT.CommonPjtApplication   : Started CommonPjtApplication in 4.388 seconds (JVM running for 5.475)
2022-08-17 10:22:46.911  INFO 20416 --- [http-nio-8081-exec-1] o.a.c.c.C.[Tomcat].[localhost].[/]       : Initializing Spring DispatcherServlet 'dispatcherServlet'
2022-08-17 10:22:46.911  INFO 20416 --- [http-nio-8081-exec-1] o.s.web.servlet.DispatcherServlet        : Initializing Servlet 'dispatcherServlet'
2022-08-17 10:22:46.912  INFO 20416 --- [http-nio-8081-exec-1] o.s.web.servlet.DispatcherServlet        : Completed initialization in 1 ms
2022-08-17 10:22:46.930  INFO 20416 --- [http-nio-8081-exec-1] c.s.C.controller.SocketController        : @ChatController, socket GET()
2022-08-17 10:37:10.256  INFO 20416 --- [SpringApplicationShutdownHook] j.LocalContainerEntityManagerFactoryBean : Closing JPA EntityManagerFactory for persistence unit 'default'
2022-08-17 10:37:10.259  INFO 20416 --- [SpringApplicationShutdownHook] com.zaxxer.hikari.HikariDataSource       : HikariPool-1 - Shutdown initiated...
2022-08-17 10:37:10.263  INFO 20416 --- [SpringApplicationShutdownHook] com.zaxxer.hikari.HikariDataSource       : HikariPool-1 - Shutdown completed.
2022-08-17 10:37:12.844  INFO 16136 --- [restartedMain] c.ssafy.CommonPJT.CommonPjtApplication   : Starting CommonPjtApplication using Java 1.8.0_192 on DESKTOP-G71FRBB with PID 16136 (C:\ssafy1\BE\CommonPJT\build\classes\java\main started by choi in C:\ssafy1\BE\CommonPJT)
2022-08-17 10:37:12.846  INFO 16136 --- [restartedMain] c.ssafy.CommonPJT.CommonPjtApplication   : No active profile set, falling back to 1 default profile: "default"
2022-08-17 10:37:12.879  INFO 16136 --- [restartedMain] .e.DevToolsPropertyDefaultsPostProcessor : Devtools property defaults active! Set 'spring.devtools.add-properties' to 'false' to disable
2022-08-17 10:37:12.879  INFO 16136 --- [restartedMain] .e.DevToolsPropertyDefaultsPostProcessor : For additional web related logging consider setting the 'logging.level.web' property to 'DEBUG'
2022-08-17 10:37:13.600  INFO 16136 --- [restartedMain] .s.d.r.c.RepositoryConfigurationDelegate : Bootstrapping Spring Data JPA repositories in DEFAULT mode.
2022-08-17 10:37:13.664  INFO 16136 --- [restartedMain] .s.d.r.c.RepositoryConfigurationDelegate : Finished Spring Data repository scanning in 56 ms. Found 6 JPA repository interfaces.
2022-08-17 10:37:14.122  INFO 16136 --- [restartedMain] o.s.b.w.embedded.tomcat.TomcatWebServer  : Tomcat initialized with port(s): 8081 (http)
2022-08-17 10:37:14.129  INFO 16136 --- [restartedMain] o.apache.catalina.core.StandardService   : Starting service [Tomcat]
2022-08-17 10:37:14.130  INFO 16136 --- [restartedMain] org.apache.catalina.core.StandardEngine  : Starting Servlet engine: [Apache Tomcat/9.0.65]
2022-08-17 10:37:14.227  INFO 16136 --- [restartedMain] o.a.c.c.C.[Tomcat].[localhost].[/]       : Initializing Spring embedded WebApplicationContext
2022-08-17 10:37:14.228  INFO 16136 --- [restartedMain] w.s.c.ServletWebServerApplicationContext : Root WebApplicationContext: initialization completed in 1349 ms
2022-08-17 10:37:14.248  INFO 16136 --- [restartedMain] com.zaxxer.hikari.HikariDataSource       : HikariPool-1 - Starting...
2022-08-17 10:37:14.567  INFO 16136 --- [restartedMain] com.zaxxer.hikari.HikariDataSource       : HikariPool-1 - Start completed.
2022-08-17 10:37:14.575  INFO 16136 --- [restartedMain] o.s.b.a.h2.H2ConsoleAutoConfiguration    : H2 console available at '/h2-console'. Database available at 'jdbc:mysql://i7d207.p.ssafy.io:3306/ssafy?serverTimezone=Asia/Seoul'
2022-08-17 10:37:14.690  INFO 16136 --- [restartedMain] o.hibernate.jpa.internal.util.LogHelper  : HHH000204: Processing PersistenceUnitInfo [name: default]
2022-08-17 10:37:14.731  INFO 16136 --- [restartedMain] org.hibernate.Version                    : HHH000412: Hibernate ORM core version 5.6.10.Final
2022-08-17 10:37:14.859  INFO 16136 --- [restartedMain] o.hibernate.annotations.common.Version   : HCANN000001: Hibernate Commons Annotations {5.1.2.Final}
2022-08-17 10:37:14.960  INFO 16136 --- [restartedMain] org.hibernate.dialect.Dialect            : HHH000400: Using dialect: org.hibernate.dialect.MySQL8Dialect
2022-08-17 10:37:15.629  INFO 16136 --- [restartedMain] o.h.e.t.j.p.i.JtaPlatformInitiator       : HHH000490: Using JtaPlatform implementation: [org.hibernate.engine.transaction.jta.platform.internal.NoJtaPlatform]
2022-08-17 10:37:15.638  INFO 16136 --- [restartedMain] j.LocalContainerEntityManagerFactoryBean : Initialized JPA EntityManagerFactory for persistence unit 'default'
2022-08-17 10:37:16.166  WARN 16136 --- [restartedMain] JpaBaseConfiguration$JpaWebConfiguration : spring.jpa.open-in-view is enabled by default. Therefore, database queries may be performed during view rendering. Explicitly configure spring.jpa.open-in-view to disable this warning
2022-08-17 10:37:16.348  INFO 16136 --- [restartedMain] o.s.b.d.a.OptionalLiveReloadServer       : LiveReload server is running on port 35729
2022-08-17 10:37:16.591  INFO 16136 --- [restartedMain] o.s.b.w.embedded.tomcat.TomcatWebServer  : Tomcat started on port(s): 8081 (http) with context path ''
2022-08-17 10:37:16.809  INFO 16136 --- [restartedMain] c.ssafy.CommonPJT.CommonPjtApplication   : Started CommonPjtApplication in 4.312 seconds (JVM running for 5.315)
2022-08-17 10:40:21.355  INFO 16136 --- [http-nio-8081-exec-2] o.a.c.c.C.[Tomcat].[localhost].[/]       : Initializing Spring DispatcherServlet 'dispatcherServlet'
2022-08-17 10:40:21.355  INFO 16136 --- [http-nio-8081-exec-2] o.s.web.servlet.DispatcherServlet        : Initializing Servlet 'dispatcherServlet'
2022-08-17 10:40:21.356  INFO 16136 --- [http-nio-8081-exec-2] o.s.web.servlet.DispatcherServlet        : Completed initialization in 0 ms
2022-08-17 10:40:21.406  INFO 16136 --- [http-nio-8081-exec-2] com.ssafy.CommonPJT.handler.Handler      : StandardWebSocketSession[id=79413d93-16e6-363f-7852-3b5179a6a619, uri=ws://localhost:8081/ws/socket] 클라이언트 접속
2022-08-17 10:40:32.291  INFO 16136 --- [http-nio-8081-exec-1] com.ssafy.CommonPJT.handler.Handler      : StandardWebSocketSession[id=79413d93-16e6-363f-7852-3b5179a6a619, uri=ws://localhost:8081/ws/socket] 클라이언트 접속 해제
2022-08-17 11:45:49.684  INFO 16136 --- [http-nio-8081-exec-3] o.apache.coyote.http11.Http11Processor   : Error parsing HTTP request header
 Note: further occurrences of HTTP request parsing errors will be logged at DEBUG level.

java.lang.IllegalArgumentException: Invalid character found in method name [0x160x030x010x020x000x010x000x010xfc0x030x0340x8b`n0xfc0x8bc50xff0xb80xbbf0xd20xf1"0xf80xb5T0xc60xb00xa30x13s0xec0xd20x9e0x8a0x010xb8z0xed{ ]. HTTP method names must be tokens
	at org.apache.coyote.http11.Http11InputBuffer.parseRequestLine(Http11InputBuffer.java:419) ~[tomcat-embed-core-9.0.65.jar:9.0.65]
	at org.apache.coyote.http11.Http11Processor.service(Http11Processor.java:271) ~[tomcat-embed-core-9.0.65.jar:9.0.65]
	at org.apache.coyote.AbstractProcessorLight.process(AbstractProcessorLight.java:65) [tomcat-embed-core-9.0.65.jar:9.0.65]
	at org.apache.coyote.AbstractProtocol$ConnectionHandler.process(AbstractProtocol.java:890) [tomcat-embed-core-9.0.65.jar:9.0.65]
	at org.apache.tomcat.util.net.NioEndpoint$SocketProcessor.doRun(NioEndpoint.java:1789) [tomcat-embed-core-9.0.65.jar:9.0.65]
	at org.apache.tomcat.util.net.SocketProcessorBase.run(SocketProcessorBase.java:49) [tomcat-embed-core-9.0.65.jar:9.0.65]
	at org.apache.tomcat.util.threads.ThreadPoolExecutor.runWorker(ThreadPoolExecutor.java:1191) [tomcat-embed-core-9.0.65.jar:9.0.65]
	at org.apache.tomcat.util.threads.ThreadPoolExecutor$Worker.run(ThreadPoolExecutor.java:659) [tomcat-embed-core-9.0.65.jar:9.0.65]
	at org.apache.tomcat.util.threads.TaskThread$WrappingRunnable.run(TaskThread.java:61) [tomcat-embed-core-9.0.65.jar:9.0.65]
	at java.lang.Thread.run(Thread.java:748) [na:1.8.0_192]

2022-08-17 11:46:00.316  INFO 16136 --- [http-nio-8081-exec-4] com.ssafy.CommonPJT.handler.Handler      : StandardWebSocketSession[id=7dd95888-e422-cafc-e5de-01e304fcfeb9, uri=ws://localhost:8081/ws/socket] 클라이언트 접속
2022-08-17 11:46:05.381  INFO 16136 --- [http-nio-8081-exec-5] com.ssafy.CommonPJT.handler.Handler      : StandardWebSocketSession[id=2ded0a0a-2684-9f5a-07b2-b02612c3a22a, uri=ws://localhost:8081/ws/socket] 클라이언트 접속
2022-08-17 11:46:20.624  INFO 16136 --- [http-nio-8081-exec-6] com.ssafy.CommonPJT.handler.Handler      : StandardWebSocketSession[id=2ded0a0a-2684-9f5a-07b2-b02612c3a22a, uri=ws://localhost:8081/ws/socket] 클라이언트 접속 해제
2022-08-17 11:46:20.855  INFO 16136 --- [http-nio-8081-exec-7] com.ssafy.CommonPJT.handler.Handler      : StandardWebSocketSession[id=63b47747-4451-70ea-f1b1-2628e7d04188, uri=ws://localhost:8081/ws/socket] 클라이언트 접속
2022-08-17 11:55:06.310  INFO 16136 --- [http-nio-8081-exec-8] com.ssafy.CommonPJT.handler.Handler      : payload : d
2022-08-17 11:55:06.311  INFO 16136 --- [http-nio-8081-exec-8] com.ssafy.CommonPJT.handler.Handler      : StandardWebSocketSession[id=63b47747-4451-70ea-f1b1-2628e7d04188, uri=ws://localhost:8081/ws/socket] 클라이언트 접속 해제
2022-08-17 11:55:08.973  INFO 16136 --- [http-nio-8081-exec-9] com.ssafy.CommonPJT.handler.Handler      : payload : j
2022-08-17 11:55:08.973  INFO 16136 --- [http-nio-8081-exec-9] com.ssafy.CommonPJT.handler.Handler      : StandardWebSocketSession[id=7dd95888-e422-cafc-e5de-01e304fcfeb9, uri=ws://localhost:8081/ws/socket] 클라이언트 접속 해제
2022-08-17 11:56:01.629  INFO 16136 --- [http-nio-8081-exec-2] com.ssafy.CommonPJT.handler.Handler      : StandardWebSocketSession[id=a9c09945-0928-a362-5185-86ffcf5efc56, uri=ws://localhost:8081/ws/socket] 클라이언트 접속
2022-08-17 11:56:48.014  INFO 16136 --- [http-nio-8081-exec-1] c.s.C.controller.SocketController        : @ChatController, socket GET()
2022-08-17 11:56:59.293  INFO 16136 --- [http-nio-8081-exec-3] com.ssafy.CommonPJT.handler.Handler      : StandardWebSocketSession[id=22be53ce-bdf5-57e6-f698-87364ffb86fe, uri=ws://localhost:8081/ws/socket] 클라이언트 접속
2022-08-17 11:56:59.294  INFO 16136 --- [http-nio-8081-exec-4] com.ssafy.CommonPJT.handler.Handler      : payload : 파이참!!!
2022-08-17 11:56:59.294  INFO 16136 --- [http-nio-8081-exec-5] com.ssafy.CommonPJT.handler.Handler      : payload : request
2022-08-17 11:56:59.295  INFO 16136 --- [http-nio-8081-exec-5] com.ssafy.CommonPJT.handler.Handler      : StandardWebSocketSession[id=22be53ce-bdf5-57e6-f698-87364ffb86fe, uri=ws://localhost:8081/ws/socket] 클라이언트 접속 해제
2022-08-17 11:56:59.296 ERROR 16136 --- [http-nio-8081-exec-4] w.s.h.ExceptionWebSocketHandlerDecorator : Closing session due to exception for StandardWebSocketSession[id=a9c09945-0928-a362-5185-86ffcf5efc56, uri=ws://localhost:8081/ws/socket]

java.lang.IllegalStateException: The remote endpoint was in state [TEXT_PARTIAL_WRITING] which is an invalid state for called method
	at org.apache.tomcat.websocket.WsRemoteEndpointImplBase$StateMachine.checkState(WsRemoteEndpointImplBase.java:1274) ~[tomcat-embed-websocket-9.0.65.jar:9.0.65]
	at org.apache.tomcat.websocket.WsRemoteEndpointImplBase$StateMachine.textPartialStart(WsRemoteEndpointImplBase.java:1231) ~[tomcat-embed-websocket-9.0.65.jar:9.0.65]
	at org.apache.tomcat.websocket.WsRemoteEndpointImplBase.sendPartialString(WsRemoteEndpointImplBase.java:226) ~[tomcat-embed-websocket-9.0.65.jar:9.0.65]
	at org.apache.tomcat.websocket.WsRemoteEndpointBasic.sendText(WsRemoteEndpointBasic.java:49) ~[tomcat-embed-websocket-9.0.65.jar:9.0.65]
	at org.springframework.web.socket.adapter.standard.StandardWebSocketSession.sendTextMessage(StandardWebSocketSession.java:215) ~[spring-websocket-5.3.22.jar:5.3.22]
	at org.springframework.web.socket.adapter.AbstractWebSocketSession.sendMessage(AbstractWebSocketSession.java:106) ~[spring-websocket-5.3.22.jar:5.3.22]
	at com.ssafy.CommonPJT.handler.Handler.handleTextMessage(Handler.java:55) ~[main/:na]
	at org.springframework.web.socket.handler.AbstractWebSocketHandler.handleMessage(AbstractWebSocketHandler.java:43) ~[spring-websocket-5.3.22.jar:5.3.22]
	at org.springframework.web.socket.handler.WebSocketHandlerDecorator.handleMessage(WebSocketHandlerDecorator.java:75) ~[spring-websocket-5.3.22.jar:5.3.22]
	at org.springframework.web.socket.handler.LoggingWebSocketHandlerDecorator.handleMessage(LoggingWebSocketHandlerDecorator.java:56) ~[spring-websocket-5.3.22.jar:5.3.22]
	at org.springframework.web.socket.handler.ExceptionWebSocketHandlerDecorator.handleMessage(ExceptionWebSocketHandlerDecorator.java:58) ~[spring-websocket-5.3.22.jar:5.3.22]
	at org.springframework.web.socket.adapter.standard.StandardWebSocketHandlerAdapter.handleTextMessage(StandardWebSocketHandlerAdapter.java:114) [spring-websocket-5.3.22.jar:5.3.22]
	at org.springframework.web.socket.adapter.standard.StandardWebSocketHandlerAdapter.access$000(StandardWebSocketHandlerAdapter.java:43) [spring-websocket-5.3.22.jar:5.3.22]
	at org.springframework.web.socket.adapter.standard.StandardWebSocketHandlerAdapter$3.onMessage(StandardWebSocketHandlerAdapter.java:85) [spring-websocket-5.3.22.jar:5.3.22]
	at org.springframework.web.socket.adapter.standard.StandardWebSocketHandlerAdapter$3.onMessage(StandardWebSocketHandlerAdapter.java:82) [spring-websocket-5.3.22.jar:5.3.22]
	at org.apache.tomcat.websocket.WsFrameBase.sendMessageText(WsFrameBase.java:415) [tomcat-embed-websocket-9.0.65.jar:9.0.65]
	at org.apache.tomcat.websocket.server.WsFrameServer.sendMessageText(WsFrameServer.java:129) [tomcat-embed-websocket-9.0.65.jar:9.0.65]
	at org.apache.tomcat.websocket.WsFrameBase.processDataText(WsFrameBase.java:515) [tomcat-embed-websocket-9.0.65.jar:9.0.65]
	at org.apache.tomcat.websocket.WsFrameBase.processData(WsFrameBase.java:301) [tomcat-embed-websocket-9.0.65.jar:9.0.65]
	at org.apache.tomcat.websocket.WsFrameBase.processInputBuffer(WsFrameBase.java:133) [tomcat-embed-websocket-9.0.65.jar:9.0.65]
	at org.apache.tomcat.websocket.server.WsFrameServer.onDataAvailable(WsFrameServer.java:85) [tomcat-embed-websocket-9.0.65.jar:9.0.65]
	at org.apache.tomcat.websocket.server.WsFrameServer.doOnDataAvailable(WsFrameServer.java:183) [tomcat-embed-websocket-9.0.65.jar:9.0.65]
	at org.apache.tomcat.websocket.server.WsFrameServer.notifyDataAvailable(WsFrameServer.java:162) [tomcat-embed-websocket-9.0.65.jar:9.0.65]
	at org.apache.tomcat.websocket.server.WsHttpUpgradeHandler.upgradeDispatch(WsHttpUpgradeHandler.java:157) [tomcat-embed-websocket-9.0.65.jar:9.0.65]
	at org.apache.coyote.http11.upgrade.UpgradeProcessorInternal.dispatch(UpgradeProcessorInternal.java:60) [tomcat-embed-core-9.0.65.jar:9.0.65]
	at org.apache.coyote.AbstractProcessorLight.process(AbstractProcessorLight.java:59) [tomcat-embed-core-9.0.65.jar:9.0.65]
	at org.apache.coyote.AbstractProtocol$ConnectionHandler.process(AbstractProtocol.java:890) [tomcat-embed-core-9.0.65.jar:9.0.65]
	at org.apache.tomcat.util.net.NioEndpoint$SocketProcessor.doRun(NioEndpoint.java:1789) [tomcat-embed-core-9.0.65.jar:9.0.65]
	at org.apache.tomcat.util.net.SocketProcessorBase.run(SocketProcessorBase.java:49) [tomcat-embed-core-9.0.65.jar:9.0.65]
	at org.apache.tomcat.util.threads.ThreadPoolExecutor.runWorker(ThreadPoolExecutor.java:1191) [tomcat-embed-core-9.0.65.jar:9.0.65]
	at org.apache.tomcat.util.threads.ThreadPoolExecutor$Worker.run(ThreadPoolExecutor.java:659) [tomcat-embed-core-9.0.65.jar:9.0.65]
	at org.apache.tomcat.util.threads.TaskThread$WrappingRunnable.run(TaskThread.java:61) [tomcat-embed-core-9.0.65.jar:9.0.65]
	at java.lang.Thread.run(Thread.java:748) [na:1.8.0_192]

2022-08-17 11:56:59.296  INFO 16136 --- [http-nio-8081-exec-4] com.ssafy.CommonPJT.handler.Handler      : StandardWebSocketSession[id=a9c09945-0928-a362-5185-86ffcf5efc56, uri=ws://localhost:8081/ws/socket] 클라이언트 접속 해제
2022-08-17 11:56:59.296  INFO 16136 --- [http-nio-8081-exec-4] com.ssafy.CommonPJT.handler.Handler      : payload : 파이참!!!
2022-08-17 11:57:11.135  INFO 16136 --- [http-nio-8081-exec-6] com.ssafy.CommonPJT.handler.Handler      : StandardWebSocketSession[id=a9de620a-72ed-115b-9279-93e29edaffff, uri=ws://localhost:8081/ws/socket] 클라이언트 접속
2022-08-17 11:57:29.040  INFO 16136 --- [http-nio-8081-exec-7] com.ssafy.CommonPJT.handler.Handler      : StandardWebSocketSession[id=a9de620a-72ed-115b-9279-93e29edaffff, uri=ws://localhost:8081/ws/socket] 클라이언트 접속 해제
2022-08-17 11:57:29.219  INFO 16136 --- [http-nio-8081-exec-8] com.ssafy.CommonPJT.handler.Handler      : StandardWebSocketSession[id=3a536ad6-9e0f-da8d-c185-b8ce533ae471, uri=ws://localhost:8081/ws/socket] 클라이언트 접속
2022-08-17 11:57:33.435  INFO 16136 --- [http-nio-8081-exec-9] com.ssafy.CommonPJT.handler.Handler      : StandardWebSocketSession[id=9077f203-ea16-4a94-493c-87c95fcc4b1a, uri=ws://localhost:8081/ws/socket] 클라이언트 접속
2022-08-17 11:57:33.436  INFO 16136 --- [http-nio-8081-exec-10] com.ssafy.CommonPJT.handler.Handler      : payload : request
2022-08-17 11:57:33.436  INFO 16136 --- [http-nio-8081-exec-2] com.ssafy.CommonPJT.handler.Handler      : payload : 파이참!!!
2022-08-17 11:57:33.437  INFO 16136 --- [http-nio-8081-exec-10] com.ssafy.CommonPJT.handler.Handler      : StandardWebSocketSession[id=3a536ad6-9e0f-da8d-c185-b8ce533ae471, uri=ws://localhost:8081/ws/socket] 클라이언트 접속 해제
2022-08-17 11:57:33.437 ERROR 16136 --- [http-nio-8081-exec-2] w.s.h.ExceptionWebSocketHandlerDecorator : Closing session due to exception for StandardWebSocketSession[id=9077f203-ea16-4a94-493c-87c95fcc4b1a, uri=ws://localhost:8081/ws/socket]

java.lang.IllegalStateException: The remote endpoint was in state [TEXT_PARTIAL_WRITING] which is an invalid state for called method
	at org.apache.tomcat.websocket.WsRemoteEndpointImplBase$StateMachine.checkState(WsRemoteEndpointImplBase.java:1274) ~[tomcat-embed-websocket-9.0.65.jar:9.0.65]
	at org.apache.tomcat.websocket.WsRemoteEndpointImplBase$StateMachine.textPartialStart(WsRemoteEndpointImplBase.java:1231) ~[tomcat-embed-websocket-9.0.65.jar:9.0.65]
	at org.apache.tomcat.websocket.WsRemoteEndpointImplBase.sendPartialString(WsRemoteEndpointImplBase.java:226) ~[tomcat-embed-websocket-9.0.65.jar:9.0.65]
	at org.apache.tomcat.websocket.WsRemoteEndpointBasic.sendText(WsRemoteEndpointBasic.java:49) ~[tomcat-embed-websocket-9.0.65.jar:9.0.65]
	at org.springframework.web.socket.adapter.standard.StandardWebSocketSession.sendTextMessage(StandardWebSocketSession.java:215) ~[spring-websocket-5.3.22.jar:5.3.22]
	at org.springframework.web.socket.adapter.AbstractWebSocketSession.sendMessage(AbstractWebSocketSession.java:106) ~[spring-websocket-5.3.22.jar:5.3.22]
	at com.ssafy.CommonPJT.handler.Handler.handleTextMessage(Handler.java:55) ~[main/:na]
	at org.springframework.web.socket.handler.AbstractWebSocketHandler.handleMessage(AbstractWebSocketHandler.java:43) ~[spring-websocket-5.3.22.jar:5.3.22]
	at org.springframework.web.socket.handler.WebSocketHandlerDecorator.handleMessage(WebSocketHandlerDecorator.java:75) ~[spring-websocket-5.3.22.jar:5.3.22]
	at org.springframework.web.socket.handler.LoggingWebSocketHandlerDecorator.handleMessage(LoggingWebSocketHandlerDecorator.java:56) ~[spring-websocket-5.3.22.jar:5.3.22]
	at org.springframework.web.socket.handler.ExceptionWebSocketHandlerDecorator.handleMessage(ExceptionWebSocketHandlerDecorator.java:58) ~[spring-websocket-5.3.22.jar:5.3.22]
	at org.springframework.web.socket.adapter.standard.StandardWebSocketHandlerAdapter.handleTextMessage(StandardWebSocketHandlerAdapter.java:114) [spring-websocket-5.3.22.jar:5.3.22]
	at org.springframework.web.socket.adapter.standard.StandardWebSocketHandlerAdapter.access$000(StandardWebSocketHandlerAdapter.java:43) [spring-websocket-5.3.22.jar:5.3.22]
	at org.springframework.web.socket.adapter.standard.StandardWebSocketHandlerAdapter$3.onMessage(StandardWebSocketHandlerAdapter.java:85) [spring-websocket-5.3.22.jar:5.3.22]
	at org.springframework.web.socket.adapter.standard.StandardWebSocketHandlerAdapter$3.onMessage(StandardWebSocketHandlerAdapter.java:82) [spring-websocket-5.3.22.jar:5.3.22]
	at org.apache.tomcat.websocket.WsFrameBase.sendMessageText(WsFrameBase.java:415) [tomcat-embed-websocket-9.0.65.jar:9.0.65]
	at org.apache.tomcat.websocket.server.WsFrameServer.sendMessageText(WsFrameServer.java:129) [tomcat-embed-websocket-9.0.65.jar:9.0.65]
	at org.apache.tomcat.websocket.WsFrameBase.processDataText(WsFrameBase.java:515) [tomcat-embed-websocket-9.0.65.jar:9.0.65]
	at org.apache.tomcat.websocket.WsFrameBase.processData(WsFrameBase.java:301) [tomcat-embed-websocket-9.0.65.jar:9.0.65]
	at org.apache.tomcat.websocket.WsFrameBase.processInputBuffer(WsFrameBase.java:133) [tomcat-embed-websocket-9.0.65.jar:9.0.65]
	at org.apache.tomcat.websocket.server.WsFrameServer.onDataAvailable(WsFrameServer.java:85) [tomcat-embed-websocket-9.0.65.jar:9.0.65]
	at org.apache.tomcat.websocket.server.WsFrameServer.doOnDataAvailable(WsFrameServer.java:183) [tomcat-embed-websocket-9.0.65.jar:9.0.65]
	at org.apache.tomcat.websocket.server.WsFrameServer.notifyDataAvailable(WsFrameServer.java:162) [tomcat-embed-websocket-9.0.65.jar:9.0.65]
	at org.apache.tomcat.websocket.server.WsHttpUpgradeHandler.upgradeDispatch(WsHttpUpgradeHandler.java:157) [tomcat-embed-websocket-9.0.65.jar:9.0.65]
	at org.apache.coyote.http11.upgrade.UpgradeProcessorInternal.dispatch(UpgradeProcessorInternal.java:60) [tomcat-embed-core-9.0.65.jar:9.0.65]
	at org.apache.coyote.AbstractProcessorLight.process(AbstractProcessorLight.java:59) [tomcat-embed-core-9.0.65.jar:9.0.65]
	at org.apache.coyote.AbstractProtocol$ConnectionHandler.process(AbstractProtocol.java:890) [tomcat-embed-core-9.0.65.jar:9.0.65]
	at org.apache.tomcat.util.net.NioEndpoint$SocketProcessor.doRun(NioEndpoint.java:1789) [tomcat-embed-core-9.0.65.jar:9.0.65]
	at org.apache.tomcat.util.net.SocketProcessorBase.run(SocketProcessorBase.java:49) [tomcat-embed-core-9.0.65.jar:9.0.65]
	at org.apache.tomcat.util.threads.ThreadPoolExecutor.runWorker(ThreadPoolExecutor.java:1191) [tomcat-embed-core-9.0.65.jar:9.0.65]
	at org.apache.tomcat.util.threads.ThreadPoolExecutor$Worker.run(ThreadPoolExecutor.java:659) [tomcat-embed-core-9.0.65.jar:9.0.65]
	at org.apache.tomcat.util.threads.TaskThread$WrappingRunnable.run(TaskThread.java:61) [tomcat-embed-core-9.0.65.jar:9.0.65]
	at java.lang.Thread.run(Thread.java:748) [na:1.8.0_192]

2022-08-17 11:57:33.438  INFO 16136 --- [http-nio-8081-exec-2] com.ssafy.CommonPJT.handler.Handler      : StandardWebSocketSession[id=9077f203-ea16-4a94-493c-87c95fcc4b1a, uri=ws://localhost:8081/ws/socket] 클라이언트 접속 해제
2022-08-17 11:57:33.438  INFO 16136 --- [http-nio-8081-exec-2] com.ssafy.CommonPJT.handler.Handler      : payload : 파이참!!!
2022-08-17 11:57:36.312  INFO 16136 --- [http-nio-8081-exec-1] com.ssafy.CommonPJT.handler.Handler      : StandardWebSocketSession[id=1094bc17-48de-988c-a3aa-7f003c5d7b07, uri=ws://localhost:8081/ws/socket] 클라이언트 접속
2022-08-17 11:57:47.538  INFO 16136 --- [http-nio-8081-exec-3] com.ssafy.CommonPJT.handler.Handler      : StandardWebSocketSession[id=1094bc17-48de-988c-a3aa-7f003c5d7b07, uri=ws://localhost:8081/ws/socket] 클라이언트 접속 해제
2022-08-17 11:57:55.886  INFO 16136 --- [http-nio-8081-exec-5] com.ssafy.CommonPJT.handler.Handler      : StandardWebSocketSession[id=e5597651-4b94-becf-babf-080966293fda, uri=ws://localhost:8081/ws/socket] 클라이언트 접속
2022-08-17 11:58:05.252  INFO 16136 --- [http-nio-8081-exec-4] com.ssafy.CommonPJT.handler.Handler      : StandardWebSocketSession[id=6b7de6db-b24f-5893-f186-43960a9690d7, uri=ws://localhost:8081/ws/socket] 클라이언트 접속
2022-08-17 11:58:05.253  INFO 16136 --- [http-nio-8081-exec-6] com.ssafy.CommonPJT.handler.Handler      : payload : 파이참!!!
2022-08-17 11:58:05.253  INFO 16136 --- [http-nio-8081-exec-4] com.ssafy.CommonPJT.handler.Handler      : payload : request
2022-08-17 11:58:05.254  INFO 16136 --- [http-nio-8081-exec-6] com.ssafy.CommonPJT.handler.Handler      : payload : 파이참!!!
2022-08-17 11:58:05.254  INFO 16136 --- [http-nio-8081-exec-4] com.ssafy.CommonPJT.handler.Handler      : StandardWebSocketSession[id=6b7de6db-b24f-5893-f186-43960a9690d7, uri=ws://localhost:8081/ws/socket] 클라이언트 접속 해제
2022-08-17 11:58:05.254  INFO 16136 --- [http-nio-8081-exec-6] com.ssafy.CommonPJT.handler.Handler      : StandardWebSocketSession[id=e5597651-4b94-becf-babf-080966293fda, uri=ws://localhost:8081/ws/socket] 클라이언트 접속 해제
